TN:
SF:api\agent-router.ts
FN:12,(anonymous_0)
FN:21,(anonymous_1)
FN:29,(anonymous_2)
FN:42,(anonymous_3)
FN:56,(anonymous_4)
FN:75,(anonymous_5)
FN:103,(anonymous_6)
FN:128,(anonymous_7)
FN:157,(anonymous_8)
FN:166,(anonymous_9)
FN:176,(anonymous_10)
FN:188,(anonymous_11)
FN:214,(anonymous_12)
FN:228,(anonymous_13)
FN:231,(anonymous_14)
FN:241,(anonymous_15)
FN:253,(anonymous_16)
FN:274,(anonymous_17)
FN:284,(anonymous_18)
FN:292,haversineKm
FNF:20
FNH:0
FNDA:0,(anonymous_0)
FNDA:0,(anonymous_1)
FNDA:0,(anonymous_2)
FNDA:0,(anonymous_3)
FNDA:0,(anonymous_4)
FNDA:0,(anonymous_5)
FNDA:0,(anonymous_6)
FNDA:0,(anonymous_7)
FNDA:0,(anonymous_8)
FNDA:0,(anonymous_9)
FNDA:0,(anonymous_10)
FNDA:0,(anonymous_11)
FNDA:0,(anonymous_12)
FNDA:0,(anonymous_13)
FNDA:0,(anonymous_14)
FNDA:0,(anonymous_15)
FNDA:0,(anonymous_16)
FNDA:0,(anonymous_17)
FNDA:0,(anonymous_18)
FNDA:0,haversineKm
DA:8,0
DA:13,0
DA:22,0
DA:30,0
DA:43,0
DA:57,0
DA:65,0
DA:72,0
DA:77,0
DA:78,0
DA:86,0
DA:97,0
DA:104,0
DA:105,0
DA:106,0
DA:107,0
DA:109,0
DA:129,0
DA:130,0
DA:132,0
DA:134,0
DA:138,0
DA:139,0
DA:142,0
DA:158,0
DA:160,0
DA:167,0
DA:171,0
DA:177,0
DA:185,0
DA:189,0
DA:215,0
DA:216,0
DA:223,0
DA:229,0
DA:231,0
DA:232,0
DA:233,0
DA:234,0
DA:242,0
DA:243,0
DA:246,0
DA:247,0
DA:254,0
DA:255,0
DA:258,0
DA:259,0
DA:275,0
DA:276,0
DA:278,0
DA:285,0
DA:287,0
DA:293,0
DA:294,0
DA:295,0
DA:296,0
DA:299,0
LF:57
LH:0
BRDA:104,0,0,0
BRDA:104,0,1,0
BRDA:105,1,0,0
BRDA:105,1,1,0
BRDA:129,2,0,0
BRDA:129,2,1,0
BRDA:132,3,0,0
BRDA:132,3,1,0
BRDA:132,4,0,0
BRDA:132,4,1,0
BRDA:138,5,0,0
BRDA:138,5,1,0
BRDA:169,6,0,0
BRDA:169,6,1,0
BRDA:232,7,0,0
BRDA:232,7,1,0
BRDA:232,8,0,0
BRDA:232,8,1,0
BRDA:246,9,0,0
BRDA:246,9,1,0
BRDA:258,10,0,0
BRDA:258,10,1,0
BRF:22
BRH:0
end_of_record
TN:
SF:api\analytics-router.ts
FN:11,(anonymous_0)
FN:27,(anonymous_1)
FN:46,(anonymous_2)
FN:65,(anonymous_3)
FN:85,(anonymous_4)
FN:106,(anonymous_5)
FN:121,(anonymous_6)
FN:136,(anonymous_7)
FN:154,(anonymous_8)
FN:167,(anonymous_9)
FN:180,calcPeriod
FN:242,(anonymous_11)
FN:284,(anonymous_12)
FNF:13
FNH:0
FNDA:0,(anonymous_0)
FNDA:0,(anonymous_1)
FNDA:0,(anonymous_2)
FNDA:0,(anonymous_3)
FNDA:0,(anonymous_4)
FNDA:0,(anonymous_5)
FNDA:0,(anonymous_6)
FNDA:0,(anonymous_7)
FNDA:0,(anonymous_8)
FNDA:0,(anonymous_9)
FNDA:0,calcPeriod
FNDA:0,(anonymous_11)
FNDA:0,(anonymous_12)
DA:8,0
DA:12,0
DA:13,0
DA:14,0
DA:16,0
DA:28,0
DA:29,0
DA:30,0
DA:32,0
DA:47,0
DA:48,0
DA:49,0
DA:51,0
DA:66,0
DA:67,0
DA:68,0
DA:70,0
DA:86,0
DA:87,0
DA:88,0
DA:90,0
DA:100,0
DA:107,0
DA:108,0
DA:110,0
DA:122,0
DA:137,0
DA:138,0
DA:140,0
DA:154,0
DA:168,0
DA:169,0
DA:170,0
DA:171,0
DA:173,0
DA:174,0
DA:175,0
DA:176,0
DA:177,0
DA:178,0
DA:181,0
DA:187,0
DA:195,0
DA:208,0
DA:220,0
DA:221,0
DA:222,0
DA:223,0
DA:224,0
DA:225,0
DA:226,0
DA:227,0
DA:228,0
DA:229,0
DA:231,0
DA:237,0
DA:238,0
DA:242,0
DA:243,0
DA:244,0
DA:248,0
DA:266,0
DA:279,0
DA:280,0
DA:281,0
DA:284,0
DA:285,0
DA:286,0
DA:287,0
DA:288,0
DA:289,0
DA:300,0
LF:72
LH:0
BRDA:13,0,0,0
BRDA:13,0,1,0
BRDA:14,1,0,0
BRDA:14,1,1,0
BRDA:29,2,0,0
BRDA:29,2,1,0
BRDA:30,3,0,0
BRDA:30,3,1,0
BRDA:48,4,0,0
BRDA:48,4,1,0
BRDA:49,5,0,0
BRDA:49,5,1,0
BRDA:67,6,0,0
BRDA:67,6,1,0
BRDA:68,7,0,0
BRDA:68,7,1,0
BRDA:87,8,0,0
BRDA:87,8,1,0
BRDA:88,9,0,0
BRDA:88,9,1,0
BRDA:100,10,0,0
BRDA:100,10,1,0
BRDA:107,11,0,0
BRDA:107,11,1,0
BRDA:137,12,0,0
BRDA:137,12,1,0
BRDA:156,13,0,0
BRDA:156,13,1,0
BRDA:220,14,0,0
BRDA:220,14,1,0
BRDA:221,15,0,0
BRDA:221,15,1,0
BRDA:222,16,0,0
BRDA:222,16,1,0
BRDA:223,17,0,0
BRDA:223,17,1,0
BRDA:224,18,0,0
BRDA:224,18,1,0
BRDA:225,19,0,0
BRDA:225,19,1,0
BRDA:227,20,0,0
BRDA:227,20,1,0
BRDA:229,21,0,0
BRDA:229,21,1,0
BRDA:238,22,0,0
BRDA:238,22,1,0
BRDA:243,23,0,0
BRDA:243,23,1,0
BRDA:243,24,0,0
BRDA:243,24,1,0
BRDA:288,25,0,0
BRDA:288,25,1,0
BRDA:304,26,0,0
BRDA:304,26,1,0
BRDA:305,27,0,0
BRDA:305,27,1,0
BRDA:306,28,0,0
BRDA:306,28,1,0
BRDA:307,29,0,0
BRDA:307,29,1,0
BRDA:310,30,0,0
BRDA:310,30,1,0
BRDA:311,31,0,0
BRDA:311,31,1,0
BRDA:312,32,0,0
BRDA:312,32,1,0
BRDA:318,33,0,0
BRDA:318,33,1,0
BRF:68
BRH:0
end_of_record
TN:
SF:api\api-key-router.ts
FN:15,hashKey
FN:19,generateApiKey
FN:26,(anonymous_2)
FN:31,(anonymous_3)
FN:42,(anonymous_4)
FN:68,(anonymous_5)
FN:82,(anonymous_6)
FNF:7
FNH:0
FNDA:0,hashKey
FNDA:0,generateApiKey
FNDA:0,(anonymous_2)
FNDA:0,(anonymous_3)
FNDA:0,(anonymous_4)
FNDA:0,(anonymous_5)
FNDA:0,(anonymous_6)
DA:13,0
DA:16,0
DA:20,0
DA:21,0
DA:24,0
DA:27,0
DA:28,0
DA:31,0
DA:43,0
DA:44,0
DA:46,0
DA:47,0
DA:48,0
DA:52,0
DA:62,0
DA:69,0
DA:70,0
DA:72,0
DA:73,0
DA:76,0
DA:83,0
DA:84,0
DA:86,0
DA:87,0
DA:90,0
LF:25
LH:0
BRDA:43,0,0,0
BRDA:43,0,1,0
BRDA:43,1,0,0
BRDA:43,1,1,0
BRDA:48,2,0,0
BRDA:48,2,1,0
BRDA:69,3,0,0
BRDA:69,3,1,0
BRDA:69,4,0,0
BRDA:69,4,1,0
BRDA:83,5,0,0
BRDA:83,5,1,0
BRDA:83,6,0,0
BRDA:83,6,1,0
BRF:14
BRH:0
end_of_record
TN:
SF:api\arrival-router.ts
FN:15,(anonymous_0)
FN:41,(anonymous_1)
FN:80,(anonymous_2)
FN:106,(anonymous_3)
FN:129,(anonymous_4)
FNF:5
FNH:0
FNDA:0,(anonymous_0)
FNDA:0,(anonymous_1)
FNDA:0,(anonymous_2)
FNDA:0,(anonymous_3)
FNDA:0,(anonymous_4)
DA:8,0
DA:16,0
DA:17,0
DA:18,0
DA:19,0
DA:20,0
DA:22,0
DA:23,0
DA:24,0
DA:26,0
DA:36,0
DA:42,0
DA:43,0
DA:44,0
DA:53,0
DA:55,0
DA:65,0
DA:81,0
DA:82,0
DA:85,0
DA:86,0
DA:87,0
DA:89,0
DA:103,0
DA:105,0
DA:106,0
DA:114,0
DA:130,0
DA:131,0
DA:132,0
DA:134,0
DA:135,0
DA:137,0
DA:138,0
DA:139,0
DA:140,0
DA:141,0
DA:143,0
DA:147,0
DA:148,0
LF:40
LH:0
BRDA:18,0,0,0
BRDA:18,0,1,0
BRDA:19,1,0,0
BRDA:19,1,1,0
BRDA:23,2,0,0
BRDA:23,2,1,0
BRDA:36,3,0,0
BRDA:36,3,1,0
BRDA:53,4,0,0
BRDA:53,4,1,0
BRDA:91,5,0,0
BRDA:91,5,1,0
BRDA:92,6,0,0
BRDA:92,6,1,0
BRDA:99,7,0,0
BRDA:99,7,1,0
BRDA:105,8,0,0
BRDA:105,8,1,0
BRDA:105,9,0,0
BRDA:105,9,1,0
BRDA:110,10,0,0
BRDA:110,10,1,0
BRDA:134,11,0,0
BRDA:134,11,1,0
BRDA:134,12,0,0
BRDA:134,12,1,0
BRDA:134,12,2,0
BRDA:137,13,0,0
BRDA:137,13,1,0
BRDA:138,14,0,0
BRDA:138,14,1,0
BRDA:139,15,0,0
BRDA:139,15,1,0
BRDA:140,16,0,0
BRDA:140,16,1,0
BRF:35
BRH:0
end_of_record
TN:
SF:api\audit-router.ts
FN:16,(anonymous_0)
FN:28,(anonymous_1)
FN:43,(anonymous_2)
FNF:3
FNH:0
FNDA:0,(anonymous_0)
FNDA:0,(anonymous_1)
FNDA:0,(anonymous_2)
DA:5,0
DA:17,0
DA:29,0
DA:34,0
DA:44,0
DA:45,0
LF:6
LH:0
BRF:0
BRH:0
end_of_record
TN:
SF:api\auth-router.ts
FN:9,(anonymous_0)
FN:14,(anonymous_1)
FN:35,(anonymous_2)
FNF:3
FNH:1
FNDA:2,(anonymous_0)
FNDA:0,(anonymous_1)
FNDA:0,(anonymous_2)
DA:7,1
DA:9,2
DA:15,0
DA:16,0
DA:17,0
DA:21,0
DA:22,0
DA:23,0
DA:25,0
DA:26,0
DA:36,0
LF:11
LH:2
BRDA:16,0,0,0
BRDA:16,0,1,0
BRDA:21,1,0,0
BRDA:21,1,1,0
BRDA:22,2,0,0
BRDA:22,2,1,0
BRF:6
BRH:0
end_of_record
TN:
SF:api\billing-router.ts
FN:13,(anonymous_0)
FN:66,(anonymous_1)
FN:81,(anonymous_2)
FN:97,(anonymous_3)
FNF:4
FNH:3
FNDA:13,(anonymous_0)
FNDA:36,(anonymous_1)
FNDA:5,(anonymous_2)
FNDA:0,(anonymous_3)
DA:11,1
DA:14,13
DA:15,13
DA:17,13
DA:19,13
DA:22,12
DA:23,13
DA:24,13
DA:25,13
DA:26,13
DA:28,13
DA:29,13
DA:30,13
DA:33,13
DA:34,13
DA:41,12
DA:66,36
DA:84,5
DA:85,5
DA:90,5
DA:91,5
DA:92,5
DA:98,0
DA:105,5
LF:24
LH:23
BRDA:19,0,0,1
BRDA:19,0,1,12
BRDA:22,1,0,0
BRDA:22,1,1,12
BRDA:23,2,0,13
BRDA:23,2,1,0
BRDA:28,3,0,13
BRDA:28,3,1,10
BRDA:29,4,0,13
BRDA:29,4,1,5
BRDA:30,5,0,13
BRDA:30,5,1,5
BRDA:30,5,2,3
BRDA:51,6,0,7
BRDA:51,6,1,5
BRDA:53,7,0,2
BRDA:53,7,1,3
BRDA:62,8,0,13
BRDA:62,8,1,0
BRDA:63,9,0,13
BRDA:63,9,1,0
BRDA:64,10,0,13
BRDA:64,10,1,0
BRDA:96,11,0,5
BRDA:96,11,1,0
BRDA:96,11,2,0
BRDA:101,12,0,0
BRDA:101,12,1,0
BRF:28
BRH:19
end_of_record
TN:
SF:api\boot.ts
FN:32,(anonymous_0)
FN:72,(anonymous_1)
FN:91,(anonymous_2)
FN:107,(anonymous_3)
FN:131,(anonymous_4)
FN:145,(anonymous_5)
FN:174,(anonymous_6)
FN:188,(anonymous_7)
FN:196,(anonymous_8)
FN:201,(anonymous_9)
FN:229,(anonymous_10)
FN:245,(anonymous_11)
FN:257,(anonymous_12)
FN:271,(anonymous_13)
FN:282,(anonymous_14)
FN:294,(anonymous_15)
FN:299,(anonymous_16)
FN:301,checkDatabaseHealth
FN:319,(anonymous_18)
FNF:19
FNH:0
FNDA:0,(anonymous_0)
FNDA:0,(anonymous_1)
FNDA:0,(anonymous_2)
FNDA:0,(anonymous_3)
FNDA:0,(anonymous_4)
FNDA:0,(anonymous_5)
FNDA:0,(anonymous_6)
FNDA:0,(anonymous_7)
FNDA:0,(anonymous_8)
FNDA:0,(anonymous_9)
FNDA:0,(anonymous_10)
FNDA:0,(anonymous_11)
FNDA:0,(anonymous_12)
FNDA:0,(anonymous_13)
FNDA:0,(anonymous_14)
FNDA:0,(anonymous_15)
FNDA:0,(anonymous_16)
FNDA:0,checkDatabaseHealth
FNDA:0,(anonymous_18)
DA:26,0
DA:28,0
DA:31,0
DA:32,0
DA:33,0
DA:34,0
DA:35,0
DA:36,0
DA:37,0
DA:38,0
DA:39,0
DA:49,0
DA:53,0
DA:70,0
DA:72,0
DA:81,0
DA:84,0
DA:85,0
DA:88,0
DA:91,0
DA:92,0
DA:93,0
DA:95,0
DA:96,0
DA:97,0
DA:99,0
DA:100,0
DA:101,0
DA:104,0
DA:107,0
DA:108,0
DA:109,0
DA:110,0
DA:111,0
DA:113,0
DA:114,0
DA:116,0
DA:129,0
DA:131,0
DA:132,0
DA:133,0
DA:134,0
DA:135,0
DA:138,0
DA:139,0
DA:141,0
DA:142,0
DA:143,0
DA:145,0
DA:147,0
DA:148,0
DA:150,0
DA:151,0
DA:153,0
DA:154,0
DA:156,0
DA:164,0
DA:170,0
DA:174,0
DA:175,0
DA:183,0
DA:188,0
DA:190,0
DA:192,0
DA:197,0
DA:198,0
DA:199,0
DA:202,0
DA:203,0
DA:205,0
DA:217,0
DA:218,0
DA:219,0
DA:220,0
DA:222,0
DA:225,0
DA:229,0
DA:230,0
DA:231,0
DA:232,0
DA:245,0
DA:246,0
DA:247,0
DA:248,0
DA:249,0
DA:250,0
DA:252,0
DA:257,0
DA:258,0
DA:259,0
DA:271,0
DA:272,0
DA:273,0
DA:274,0
DA:275,0
DA:277,0
DA:282,0
DA:294,0
DA:295,0
DA:296,0
DA:299,0
DA:302,0
DA:303,0
DA:304,0
DA:305,0
DA:307,0
DA:313,0
DA:314,0
DA:315,0
DA:316,0
DA:317,0
DA:318,0
DA:319,0
DA:320,0
DA:322,0
DA:323,0
LF:116
LH:0
BRDA:31,0,0,0
BRDA:31,0,1,0
BRDA:34,1,0,0
BRDA:34,1,1,0
BRDA:45,2,0,0
BRDA:45,2,1,0
BRDA:71,3,0,0
BRDA:71,3,1,0
BRDA:72,4,0,0
BRDA:72,4,1,0
BRDA:72,5,0,0
BRDA:72,5,1,0
BRDA:92,6,0,0
BRDA:92,6,1,0
BRDA:95,7,0,0
BRDA:95,7,1,0
BRDA:96,8,0,0
BRDA:96,8,1,0
BRDA:96,9,0,0
BRDA:96,9,1,0
BRDA:110,10,0,0
BRDA:110,10,1,0
BRDA:110,11,0,0
BRDA:110,11,1,0
BRDA:114,12,0,0
BRDA:114,12,1,0
BRDA:134,13,0,0
BRDA:134,13,1,0
BRDA:139,14,0,0
BRDA:139,14,1,0
BRDA:139,15,0,0
BRDA:139,15,1,0
BRDA:143,16,0,0
BRDA:143,16,1,0
BRDA:147,17,0,0
BRDA:147,17,1,0
BRDA:147,18,0,0
BRDA:147,18,1,0
BRDA:148,19,0,0
BRDA:148,19,1,0
BRDA:151,20,0,0
BRDA:151,20,1,0
BRDA:151,21,0,0
BRDA:151,21,1,0
BRDA:202,22,0,0
BRDA:202,22,1,0
BRDA:203,23,0,0
BRDA:203,23,1,0
BRDA:208,24,0,0
BRDA:208,24,1,0
BRDA:211,25,0,0
BRDA:211,25,1,0
BRDA:217,26,0,0
BRDA:217,26,1,0
BRDA:231,27,0,0
BRDA:231,27,1,0
BRDA:250,28,0,0
BRDA:250,28,1,0
BRDA:260,29,0,0
BRDA:260,29,1,0
BRDA:264,30,0,0
BRDA:264,30,1,0
BRDA:266,31,0,0
BRDA:266,31,1,0
BRDA:295,32,0,0
BRDA:295,32,1,0
BRDA:313,33,0,0
BRDA:313,33,1,0
BRDA:318,34,0,0
BRDA:318,34,1,0
BRF:70
BRH:0
end_of_record
TN:
SF:api\context.ts
FN:17,createContext
FNF:1
FNH:0
FNDA:0,createContext
DA:20,0
DA:21,0
DA:22,0
DA:23,0
DA:24,0
DA:25,0
DA:29,0
LF:7
LH:0
BRDA:20,0,0,0
BRDA:20,0,1,0
BRF:2
BRH:0
end_of_record
TN:
SF:api\courier-router.ts
FN:10,(anonymous_0)
FN:72,(anonymous_1)
FN:117,(anonymous_2)
FN:142,(anonymous_3)
FN:155,(anonymous_4)
FNF:5
FNH:0
FNDA:0,(anonymous_0)
FNDA:0,(anonymous_1)
FNDA:0,(anonymous_2)
FNDA:0,(anonymous_3)
FNDA:0,(anonymous_4)
DA:9,0
DA:11,0
DA:12,0
DA:14,0
DA:15,0
DA:45,0
DA:73,0
DA:75,0
DA:78,0
DA:79,0
DA:80,0
DA:83,0
DA:86,0
DA:88,0
DA:92,0
DA:95,0
DA:103,0
DA:110,0
DA:112,0
DA:118,0
DA:119,0
DA:121,0
DA:128,0
DA:130,0
DA:134,0
DA:143,0
DA:144,0
DA:146,0
DA:153,0
DA:155,0
DA:156,0
DA:160,0
DA:161,0
DA:172,0
DA:176,0
DA:177,0
DA:185,0
DA:193,0
DA:195,0
LF:39
LH:0
BRDA:12,0,0,0
BRDA:12,0,1,0
BRDA:14,1,0,0
BRDA:14,1,1,0
BRDA:78,2,0,0
BRDA:78,2,1,0
BRDA:79,3,0,0
BRDA:79,3,1,0
BRDA:79,4,0,0
BRDA:79,4,1,0
BRDA:86,5,0,0
BRDA:86,5,1,0
BRDA:100,6,0,0
BRDA:100,6,1,0
BRDA:128,7,0,0
BRDA:128,7,1,0
BRDA:153,8,0,0
BRDA:153,8,1,0
BRDA:160,9,0,0
BRDA:160,9,1,0
BRDA:160,10,0,0
BRDA:160,10,1,0
BRDA:176,11,0,0
BRDA:176,11,1,0
BRDA:182,12,0,0
BRDA:182,12,1,0
BRF:26
BRH:0
end_of_record
TN:
SF:api\dashboard-router.ts
FN:10,(anonymous_0)
FN:58,(anonymous_1)
FN:74,(anonymous_2)
FN:79,(anonymous_3)
FN:91,(anonymous_4)
FN:111,(anonymous_5)
FNF:6
FNH:0
FNDA:0,(anonymous_0)
FNDA:0,(anonymous_1)
FNDA:0,(anonymous_2)
FNDA:0,(anonymous_3)
FNDA:0,(anonymous_4)
FNDA:0,(anonymous_5)
DA:9,0
DA:11,0
DA:12,0
DA:13,0
DA:14,0
DA:16,0
DA:17,0
DA:19,0
DA:39,0
DA:40,0
DA:41,0
DA:43,0
DA:52,0
DA:53,0
DA:59,0
DA:60,0
DA:61,0
DA:62,0
DA:64,0
DA:75,0
DA:80,0
DA:92,0
DA:93,0
DA:94,0
DA:95,0
DA:97,0
DA:104,0
DA:112,0
DA:113,0
DA:114,0
DA:115,0
DA:117,0
DA:130,0
LF:33
LH:0
BRDA:14,0,0,0
BRDA:14,0,1,0
BRDA:39,1,0,0
BRDA:39,1,1,0
BRDA:40,2,0,0
BRDA:40,2,1,0
BRDA:41,3,0,0
BRDA:41,3,1,0
BRDA:44,4,0,0
BRDA:44,4,1,0
BRDA:45,5,0,0
BRDA:45,5,1,0
BRDA:46,6,0,0
BRDA:46,6,1,0
BRDA:47,7,0,0
BRDA:47,7,1,0
BRDA:48,8,0,0
BRDA:48,8,1,0
BRDA:61,9,0,0
BRDA:61,9,1,0
BRDA:105,10,0,0
BRDA:105,10,1,0
BRDA:106,11,0,0
BRDA:106,11,1,0
BRDA:107,12,0,0
BRDA:107,12,1,0
BRDA:131,13,0,0
BRDA:131,13,1,0
BRDA:132,14,0,0
BRDA:132,14,1,0
BRDA:133,15,0,0
BRDA:133,15,1,0
BRDA:134,16,0,0
BRDA:134,16,1,0
BRDA:135,17,0,0
BRDA:135,17,1,0
BRF:36
BRH:0
end_of_record
TN:
SF:api\import-router.ts
FN:39,mapColumns
FN:41,(anonymous_1)
FN:49,parseRow
FN:58,parseFile
FN:68,(anonymous_4)
FN:69,(anonymous_5)
FN:69,(anonymous_6)
FN:75,parseCsvLine
FN:103,(anonymous_8)
FN:104,(anonymous_9)
FN:104,(anonymous_10)
FN:112,(anonymous_11)
FN:184,(anonymous_12)
FN:184,(anonymous_13)
FN:195,(anonymous_14)
FN:202,(anonymous_15)
FN:216,(anonymous_16)
FN:266,(anonymous_17)
FNF:18
FNH:0
FNDA:0,mapColumns
FNDA:0,(anonymous_1)
FNDA:0,parseRow
FNDA:0,parseFile
FNDA:0,(anonymous_4)
FNDA:0,(anonymous_5)
FNDA:0,(anonymous_6)
FNDA:0,parseCsvLine
FNDA:0,(anonymous_8)
FNDA:0,(anonymous_9)
FNDA:0,(anonymous_10)
FNDA:0,(anonymous_11)
FNDA:0,(anonymous_12)
FNDA:0,(anonymous_13)
FNDA:0,(anonymous_14)
FNDA:0,(anonymous_15)
FNDA:0,(anonymous_16)
FNDA:0,(anonymous_17)
DA:11,0
DA:26,0
DA:40,0
DA:41,0
DA:42,0
DA:43,0
DA:44,0
DA:46,0
DA:50,0
DA:51,0
DA:52,0
DA:54,0
DA:59,0
DA:61,0
DA:62,0
DA:63,0
DA:64,0
DA:65,0
DA:66,0
DA:67,0
DA:68,0
DA:69,0
DA:70,0
DA:76,0
DA:77,0
DA:78,0
DA:79,0
DA:80,0
DA:81,0
DA:82,0
DA:83,0
DA:84,0
DA:86,0
DA:88,0
DA:89,0
DA:90,0
DA:92,0
DA:95,0
DA:96,0
DA:99,0
DA:100,0
DA:101,0
DA:102,0
DA:103,0
DA:104,0
DA:105,0
DA:108,0
DA:113,0
DA:117,0
DA:184,0
DA:185,0
DA:196,0
DA:197,0
DA:198,0
DA:202,0
DA:203,0
DA:205,0
DA:217,0
DA:218,0
DA:220,0
DA:221,0
DA:225,0
DA:226,0
DA:227,0
DA:229,0
DA:235,0
DA:237,0
DA:238,0
DA:239,0
DA:240,0
DA:241,0
DA:242,0
DA:244,0
DA:245,0
DA:246,0
DA:247,0
DA:248,0
DA:250,0
DA:266,0
DA:268,0
DA:273,0
DA:274,0
DA:277,0
DA:278,0
DA:279,0
DA:286,0
DA:292,0
DA:294,0
DA:295,0
DA:296,0
DA:298,0
DA:305,0
DA:306,0
DA:307,0
DA:308,0
DA:309,0
DA:310,0
DA:311,0
DA:324,0
DA:326,0
DA:331,0
LF:101
LH:0
BRDA:44,0,0,0
BRDA:44,0,1,0
BRDA:52,1,0,0
BRDA:52,1,1,0
BRDA:59,2,0,0
BRDA:59,2,1,0
BRDA:61,3,0,0
BRDA:61,3,1,0
BRDA:67,4,0,0
BRDA:67,4,1,0
BRDA:68,5,0,0
BRDA:68,5,1,0
BRDA:69,6,0,0
BRDA:69,6,1,0
BRDA:81,7,0,0
BRDA:81,7,1,0
BRDA:82,8,0,0
BRDA:82,8,1,0
BRDA:82,9,0,0
BRDA:82,9,1,0
BRDA:88,10,0,0
BRDA:88,10,1,0
BRDA:88,11,0,0
BRDA:88,11,1,0
BRDA:101,12,0,0
BRDA:101,12,1,0
BRDA:113,13,0,0
BRDA:113,13,1,0
BRDA:117,14,0,0
BRDA:117,14,1,0
BRDA:198,15,0,0
BRDA:198,15,1,0
BRDA:205,16,0,0
BRDA:205,16,1,0
BRDA:221,17,0,0
BRDA:221,17,1,0
BRDA:229,18,0,0
BRDA:229,18,1,0
BRDA:240,19,0,0
BRDA:240,19,1,0
BRDA:241,20,0,0
BRDA:241,20,1,0
BRDA:242,21,0,0
BRDA:242,21,1,0
BRDA:244,22,0,0
BRDA:244,22,1,0
BRDA:245,23,0,0
BRDA:245,23,1,0
BRDA:247,24,0,0
BRDA:247,24,1,0
BRDA:248,25,0,0
BRDA:248,25,1,0
BRDA:252,26,0,0
BRDA:252,26,1,0
BRDA:252,27,0,0
BRDA:252,27,1,0
BRDA:253,28,0,0
BRDA:253,28,1,0
BRDA:253,29,0,0
BRDA:253,29,1,0
BRDA:254,30,0,0
BRDA:254,30,1,0
BRDA:255,31,0,0
BRDA:255,31,1,0
BRDA:257,32,0,0
BRDA:257,32,1,0
BRDA:257,33,0,0
BRDA:257,33,1,0
BRDA:258,34,0,0
BRDA:258,34,1,0
BRDA:258,35,0,0
BRDA:258,35,1,0
BRDA:259,36,0,0
BRDA:259,36,1,0
BRDA:259,37,0,0
BRDA:259,37,1,0
BRDA:260,38,0,0
BRDA:260,38,1,0
BRDA:260,39,0,0
BRDA:260,39,1,0
BRDA:261,40,0,0
BRDA:261,40,1,0
BRDA:261,41,0,0
BRDA:261,41,1,0
BRDA:273,42,0,0
BRDA:273,42,1,0
BRDA:294,43,0,0
BRDA:294,43,1,0
BRDA:295,44,0,0
BRDA:295,44,1,0
BRDA:295,45,0,0
BRDA:295,45,1,0
BRDA:295,45,2,0
BRDA:309,46,0,0
BRDA:309,46,1,0
BRDA:310,47,0,0
BRDA:310,47,1,0
BRDA:313,48,0,0
BRDA:313,48,1,0
BRDA:313,49,0,0
BRDA:313,49,1,0
BRDA:314,50,0,0
BRDA:314,50,1,0
BRDA:314,51,0,0
BRDA:314,51,1,0
BRDA:315,52,0,0
BRDA:315,52,1,0
BRDA:315,53,0,0
BRDA:315,53,1,0
BRDA:316,54,0,0
BRDA:316,54,1,0
BRDA:316,55,0,0
BRDA:316,55,1,0
BRDA:317,56,0,0
BRDA:317,56,1,0
BRDA:317,57,0,0
BRDA:317,57,1,0
BRDA:318,58,0,0
BRDA:318,58,1,0
BRDA:318,59,0,0
BRDA:318,59,1,0
BRDA:319,60,0,0
BRDA:319,60,1,0
BRDA:320,61,0,0
BRDA:320,61,1,0
BRDA:321,62,0,0
BRDA:321,62,1,0
BRDA:321,63,0,0
BRDA:321,63,1,0
BRDA:326,64,0,0
BRDA:326,64,1,0
BRF:131
BRH:0
end_of_record
TN:
SF:api\invite-router.ts
FN:21,(anonymous_0)
FN:54,(anonymous_1)
FN:62,(anonymous_2)
FN:98,(anonymous_3)
FN:113,(anonymous_4)
FN:133,(anonymous_5)
FNF:6
FNH:0
FNDA:0,(anonymous_0)
FNDA:0,(anonymous_1)
FNDA:0,(anonymous_2)
FNDA:0,(anonymous_3)
FNDA:0,(anonymous_4)
FNDA:0,(anonymous_5)
DA:14,0
DA:22,0
DA:23,0
DA:26,0
DA:28,0
DA:29,0
DA:32,0
DA:33,0
DA:35,0
DA:45,0
DA:48,0
DA:54,0
DA:56,0
DA:63,0
DA:64,0
DA:66,0
DA:78,0
DA:79,0
DA:81,0
DA:82,0
DA:85,0
DA:88,0
DA:99,0
DA:100,0
DA:102,0
DA:107,0
DA:108,0
DA:111,0
DA:113,0
DA:114,0
DA:124,0
DA:129,0
DA:134,0
DA:135,0
LF:34
LH:0
BRDA:28,0,0,0
BRDA:28,0,1,0
BRDA:54,1,0,0
BRDA:54,1,1,0
BRDA:78,2,0,0
BRDA:78,2,1,0
BRDA:81,3,0,0
BRDA:81,3,1,0
BRDA:88,4,0,0
BRDA:88,4,1,0
BRDA:107,5,0,0
BRDA:107,5,1,0
BRF:12
BRH:0
end_of_record
TN:
SF:api\merchandiser-router.ts
FN:20,(anonymous_0)
FN:30,(anonymous_1)
FN:44,(anonymous_2)
FN:53,(anonymous_3)
FNF:4
FNH:0
FNDA:0,(anonymous_0)
FNDA:0,(anonymous_1)
FNDA:0,(anonymous_2)
FNDA:0,(anonymous_3)
DA:5,0
DA:21,0
DA:31,0
DA:45,0
DA:54,0
LF:5
LH:0
BRF:0
BRH:0
end_of_record
TN:
SF:api\middleware.ts
FN:12,(anonymous_0)
FN:30,(anonymous_1)
FN:39,(anonymous_2)
FN:52,(anonymous_3)
FN:64,(anonymous_4)
FN:72,requireRole
FN:73,(anonymous_6)
FN:82,(anonymous_7)
FN:83,(anonymous_8)
FN:97,(anonymous_9)
FNF:10
FNH:9
FNDA:0,(anonymous_0)
FNDA:234,(anonymous_1)
FNDA:234,(anonymous_2)
FNDA:232,(anonymous_3)
FNDA:232,(anonymous_4)
FNDA:112,requireRole
FNDA:187,(anonymous_6)
FNDA:70,(anonymous_7)
FNDA:159,(anonymous_8)
FNDA:1,(anonymous_9)
DA:10,14
DA:13,0
DA:14,0
DA:27,14
DA:30,14
DA:31,234
DA:32,234
DA:34,234
DA:35,234
DA:39,14
DA:40,234
DA:41,2
DA:46,232
DA:50,14
DA:52,14
DA:53,232
DA:54,232
DA:55,0
DA:60,232
DA:64,14
DA:65,232
DA:66,6
DA:68,226
DA:73,112
DA:74,187
DA:75,24
DA:77,163
DA:82,14
DA:83,70
DA:84,159
DA:85,0
DA:86,0
DA:87,0
DA:93,159
DA:97,14
DA:98,1
DA:99,0
DA:101,1
DA:102,1
DA:103,1
DA:108,0
DA:112,14
DA:115,14
DA:118,14
DA:125,14
DA:129,14
DA:130,14
DA:131,14
DA:132,14
DA:133,14
DA:134,14
DA:135,14
DA:138,14
DA:139,14
DA:140,14
DA:141,14
LF:56
LH:48
BRDA:16,0,0,0
BRDA:16,0,1,0
BRDA:16,1,0,0
BRDA:16,1,1,0
BRDA:21,2,0,0
BRDA:21,2,1,0
BRDA:32,3,0,234
BRDA:32,3,1,234
BRDA:40,4,0,2
BRDA:40,4,1,232
BRDA:40,5,0,234
BRDA:40,5,1,228
BRDA:54,6,0,0
BRDA:54,6,1,232
BRDA:65,7,0,6
BRDA:65,7,1,226
BRDA:65,8,0,232
BRDA:65,8,1,226
BRDA:74,9,0,24
BRDA:74,9,1,163
BRDA:74,10,0,187
BRDA:74,10,1,187
BRDA:82,11,0,70
BRDA:84,12,0,0
BRDA:84,12,1,159
BRDA:84,13,0,159
BRDA:84,13,1,159
BRDA:84,13,2,159
BRDA:86,14,0,0
BRDA:86,14,1,0
BRDA:98,15,0,0
BRDA:98,15,1,1
BRDA:102,16,0,1
BRDA:102,16,1,0
BRF:34
BRH:22
end_of_record
TN:
SF:api\notification-router.ts
FN:6,(anonymous_0)
FN:10,(anonymous_1)
FN:17,(anonymous_2)
FN:21,(anonymous_3)
FN:25,(anonymous_4)
FNF:5
FNH:5
FNDA:2,(anonymous_0)
FNDA:2,(anonymous_1)
FNDA:1,(anonymous_2)
FNDA:1,(anonymous_3)
FNDA:3,(anonymous_4)
DA:5,1
DA:7,2
DA:11,2
DA:12,2
DA:18,1
DA:22,1
DA:26,3
LF:7
LH:7
BRF:0
BRH:0
end_of_record
TN:
SF:api\onec-router.ts
FN:9,(anonymous_0)
FN:21,(anonymous_1)
FN:30,(anonymous_2)
FN:35,(anonymous_3)
FN:44,(anonymous_4)
FNF:5
FNH:0
FNDA:0,(anonymous_0)
FNDA:0,(anonymous_1)
FNDA:0,(anonymous_2)
FNDA:0,(anonymous_3)
FNDA:0,(anonymous_4)
DA:8,0
DA:10,0
DA:11,0
DA:12,0
DA:13,0
DA:15,0
DA:22,0
DA:23,0
DA:24,0
DA:25,0
DA:31,0
DA:32,0
DA:36,0
DA:45,0
LF:14
LH:0
BRDA:22,0,0,0
BRDA:22,0,1,0
BRF:2
BRH:0
end_of_record
TN:
SF:api\order-router.ts
FN:16,(anonymous_0)
FN:25,(anonymous_1)
FN:32,(anonymous_2)
FN:48,(anonymous_3)
FN:54,(anonymous_4)
FN:63,(anonymous_5)
FN:69,(anonymous_6)
FNF:7
FNH:6
FNDA:7,(anonymous_0)
FNDA:6,(anonymous_1)
FNDA:0,(anonymous_2)
FNDA:47,(anonymous_3)
FNDA:14,(anonymous_4)
FNDA:18,(anonymous_5)
FNDA:4,(anonymous_6)
DA:5,4
DA:17,7
DA:26,6
DA:33,0
DA:49,47
DA:55,14
DA:64,18
DA:70,4
LF:8
LH:7
BRDA:17,0,0,7
BRDA:17,0,1,6
BRF:2
BRH:2
end_of_record
TN:
SF:api\product-router.ts
FN:9,getDefaultWarehouseId
FN:26,(anonymous_1)
FN:83,(anonymous_2)
FN:137,(anonymous_3)
FN:178,(anonymous_4)
FN:194,(anonymous_5)
FN:229,(anonymous_6)
FN:239,(anonymous_7)
FN:259,(anonymous_8)
FN:267,(anonymous_9)
FNF:10
FNH:7
FNDA:9,getDefaultWarehouseId
FNDA:3,(anonymous_1)
FNDA:2,(anonymous_2)
FNDA:1,(anonymous_3)
FNDA:1,(anonymous_4)
FNDA:3,(anonymous_5)
FNDA:0,(anonymous_6)
FNDA:1,(anonymous_7)
FNDA:0,(anonymous_8)
FNDA:0,(anonymous_9)
DA:10,9
DA:14,9
DA:17,1
DA:27,3
DA:28,3
DA:29,3
DA:30,3
DA:31,3
DA:33,3
DA:35,3
DA:36,3
DA:37,3
DA:39,3
DA:40,3
DA:41,3
DA:42,3
DA:43,3
DA:45,3
DA:49,3
DA:76,3
DA:77,3
DA:78,3
DA:84,2
DA:85,2
DA:86,2
DA:88,2
DA:97,2
DA:99,1
DA:103,2
DA:120,1
DA:138,1
DA:139,1
DA:140,1
DA:146,1
DA:147,1
DA:150,1
DA:155,1
DA:156,1
DA:159,1
DA:160,1
DA:179,1
DA:180,1
DA:181,1
DA:182,1
DA:183,1
DA:184,1
DA:186,1
DA:187,1
DA:188,1
DA:195,3
DA:196,3
DA:197,3
DA:199,3
DA:201,3
DA:204,3
DA:209,3
DA:212,3
DA:214,3
DA:215,3
DA:216,3
DA:230,0
DA:233,0
DA:240,1
DA:241,1
DA:242,1
DA:244,1
DA:248,1
DA:256,1
DA:260,0
DA:261,0
DA:262,0
DA:263,0
DA:265,0
DA:267,0
DA:268,0
DA:269,0
LF:76
LH:66
BRDA:14,0,0,9
BRDA:14,0,1,0
BRDA:29,1,0,3
BRDA:29,1,1,1
BRDA:30,2,0,3
BRDA:30,2,1,1
BRDA:35,3,0,0
BRDA:35,3,1,3
BRDA:37,4,0,0
BRDA:37,4,1,3
BRDA:40,5,0,3
BRDA:40,5,1,0
BRDA:41,6,0,1
BRDA:41,6,1,2
BRDA:42,7,0,1
BRDA:42,7,1,2
BRDA:45,8,0,3
BRDA:45,8,1,0
BRDA:76,9,0,3
BRDA:76,9,1,0
BRDA:97,10,0,1
BRDA:97,10,1,1
BRDA:99,11,0,1
BRDA:99,11,1,0
BRDA:120,12,0,1
BRDA:120,12,1,0
BRDA:143,13,0,0
BRDA:143,13,1,1
BRDA:144,14,0,0
BRDA:144,14,1,1
BRDA:155,15,0,1
BRDA:155,15,1,0
BRDA:181,16,0,1
BRDA:181,16,1,0
BRDA:182,17,0,0
BRDA:182,17,1,1
BRDA:183,18,0,0
BRDA:183,18,1,1
BRDA:201,19,0,0
BRDA:201,19,1,3
BRDA:209,20,0,3
BRDA:209,20,1,0
BRDA:244,21,0,1
BRDA:244,21,1,0
BRDA:256,22,0,1
BRDA:256,22,1,0
BRDA:263,23,0,0
BRDA:263,23,1,0
BRF:48
BRH:28
end_of_record
TN:
SF:api\public-api.ts
FN:17,checkRateLimit
FN:30,(anonymous_1)
FN:60,requireScope
FN:69,(anonymous_3)
FN:82,(anonymous_4)
FN:100,(anonymous_5)
FN:121,(anonymous_6)
FN:141,(anonymous_7)
FN:157,(anonymous_8)
FN:172,(anonymous_9)
FNF:10
FNH:0
FNDA:0,checkRateLimit
FNDA:0,(anonymous_1)
FNDA:0,requireScope
FNDA:0,(anonymous_3)
FNDA:0,(anonymous_4)
FNDA:0,(anonymous_5)
FNDA:0,(anonymous_6)
FNDA:0,(anonymous_7)
FNDA:0,(anonymous_8)
FNDA:0,(anonymous_9)
DA:12,0
DA:15,0
DA:18,0
DA:19,0
DA:20,0
DA:21,0
DA:22,0
DA:24,0
DA:25,0
DA:26,0
DA:30,0
DA:31,0
DA:32,0
DA:33,0
DA:35,0
DA:36,0
DA:38,0
DA:39,0
DA:41,0
DA:42,0
DA:43,0
DA:46,0
DA:47,0
DA:51,0
DA:54,0
DA:55,0
DA:56,0
DA:61,0
DA:69,0
DA:70,0
DA:71,0
DA:72,0
DA:74,0
DA:75,0
DA:78,0
DA:82,0
DA:83,0
DA:84,0
DA:85,0
DA:87,0
DA:88,0
DA:89,0
DA:91,0
DA:92,0
DA:100,0
DA:101,0
DA:102,0
DA:103,0
DA:105,0
DA:106,0
DA:107,0
DA:109,0
DA:114,0
DA:117,0
DA:121,0
DA:122,0
DA:123,0
DA:124,0
DA:126,0
DA:127,0
DA:128,0
DA:130,0
DA:132,0
DA:133,0
DA:141,0
DA:142,0
DA:143,0
DA:144,0
DA:146,0
DA:147,0
DA:149,0
DA:157,0
DA:158,0
DA:159,0
DA:160,0
DA:162,0
DA:163,0
DA:165,0
DA:172,0
LF:79
LH:0
BRDA:20,0,0,0
BRDA:20,0,1,0
BRDA:20,1,0,0
BRDA:20,1,1,0
BRDA:24,2,0,0
BRDA:24,2,1,0
BRDA:32,3,0,0
BRDA:32,3,1,0
BRDA:41,4,0,0
BRDA:41,4,1,0
BRDA:42,5,0,0
BRDA:42,5,1,0
BRDA:43,6,0,0
BRDA:43,6,1,0
BRDA:43,7,0,0
BRDA:43,7,1,0
BRDA:46,8,0,0
BRDA:46,8,1,0
BRDA:61,9,0,0
BRDA:61,9,1,0
BRDA:72,10,0,0
BRDA:72,10,1,0
BRDA:85,11,0,0
BRDA:85,11,1,0
BRDA:91,12,0,0
BRDA:91,12,1,0
BRDA:103,13,0,0
BRDA:103,13,1,0
BRDA:106,14,0,0
BRDA:106,14,1,0
BRDA:107,15,0,0
BRDA:107,15,1,0
BRDA:124,16,0,0
BRDA:124,16,1,0
BRDA:130,17,0,0
BRDA:130,17,1,0
BRDA:144,18,0,0
BRDA:144,18,1,0
BRDA:160,19,0,0
BRDA:160,19,1,0
BRF:40
BRH:0
end_of_record
TN:
SF:api\reports-router.ts
FN:10,(anonymous_0)
FN:62,(anonymous_1)
FN:90,(anonymous_2)
FN:93,(anonymous_3)
FN:99,(anonymous_4)
FN:105,(anonymous_5)
FN:134,(anonymous_6)
FN:152,(anonymous_7)
FNF:8
FNH:0
FNDA:0,(anonymous_0)
FNDA:0,(anonymous_1)
FNDA:0,(anonymous_2)
FNDA:0,(anonymous_3)
FNDA:0,(anonymous_4)
FNDA:0,(anonymous_5)
FNDA:0,(anonymous_6)
FNDA:0,(anonymous_7)
DA:8,0
DA:11,0
DA:12,0
DA:13,0
DA:14,0
DA:15,0
DA:20,0
DA:37,0
DA:45,0
DA:46,0
DA:48,0
DA:63,0
DA:64,0
DA:65,0
DA:67,0
DA:89,0
DA:90,0
DA:91,0
DA:93,0
DA:94,0
DA:95,0
DA:96,0
DA:99,0
DA:106,0
DA:107,0
DA:108,0
DA:110,0
DA:135,0
DA:136,0
DA:137,0
DA:139,0
DA:152,0
LF:32
LH:0
BRDA:45,0,0,0
BRDA:45,0,1,0
BRDA:46,1,0,0
BRDA:46,1,1,0
BRDA:51,2,0,0
BRDA:51,2,1,0
BRDA:53,3,0,0
BRDA:53,3,1,0
BRDA:54,4,0,0
BRDA:54,4,1,0
BRDA:55,5,0,0
BRDA:55,5,1,0
BRDA:94,6,0,0
BRDA:94,6,1,0
BRDA:154,7,0,0
BRDA:154,7,1,0
BRF:16
BRH:0
end_of_record
TN:
SF:api\router.ts
FN:33,(anonymous_0)
FNF:1
FNH:0
FNDA:0,(anonymous_0)
DA:32,0
DA:33,0
LF:2
LH:0
BRF:0
BRH:0
end_of_record
TN:
SF:api\settings-router.ts
FN:10,(anonymous_0)
FN:31,(anonymous_1)
FN:64,(anonymous_2)
FNF:3
FNH:0
FNDA:0,(anonymous_0)
FNDA:0,(anonymous_1)
FNDA:0,(anonymous_2)
DA:9,0
DA:11,0
DA:12,0
DA:13,0
DA:15,0
DA:25,0
DA:26,0
DA:27,0
DA:32,0
DA:33,0
DA:34,0
DA:36,0
DA:42,0
DA:43,0
DA:44,0
DA:65,0
DA:66,0
DA:69,0
DA:70,0
DA:71,0
DA:72,0
DA:73,0
DA:74,0
DA:76,0
DA:80,0
DA:82,0
DA:83,0
DA:85,0
DA:89,0
DA:91,0
LF:30
LH:0
BRDA:13,0,0,0
BRDA:13,0,1,0
BRDA:25,1,0,0
BRDA:25,1,1,0
BRDA:34,2,0,0
BRDA:34,2,1,0
BRDA:42,3,0,0
BRDA:42,3,1,0
BRDA:71,4,0,0
BRDA:71,4,1,0
BRDA:71,5,0,0
BRDA:71,5,1,0
BRDA:72,6,0,0
BRDA:72,6,1,0
BRDA:73,7,0,0
BRDA:73,7,1,0
BRDA:82,8,0,0
BRDA:82,8,1,0
BRF:18
BRH:0
end_of_record
TN:
SF:api\shop-router.ts
FN:11,(anonymous_0)
FN:23,(anonymous_1)
FN:40,(anonymous_2)
FN:91,(anonymous_3)
FN:132,(anonymous_4)
FN:165,(anonymous_5)
FN:184,(anonymous_6)
FN:218,(anonymous_7)
FN:230,(anonymous_8)
FN:237,(anonymous_9)
FN:245,(anonymous_10)
FN:252,(anonymous_11)
FN:262,(anonymous_12)
FN:268,(anonymous_13)
FNF:14
FNH:6
FNDA:0,(anonymous_0)
FNDA:0,(anonymous_1)
FNDA:2,(anonymous_2)
FNDA:2,(anonymous_3)
FNDA:1,(anonymous_4)
FNDA:1,(anonymous_5)
FNDA:3,(anonymous_6)
FNDA:2,(anonymous_7)
FNDA:0,(anonymous_8)
FNDA:0,(anonymous_9)
FNDA:0,(anonymous_10)
FNDA:0,(anonymous_11)
FNDA:0,(anonymous_12)
FNDA:0,(anonymous_13)
DA:10,2
DA:12,0
DA:13,0
DA:23,0
DA:41,2
DA:42,2
DA:43,2
DA:44,2
DA:45,2
DA:47,2
DA:48,2
DA:49,2
DA:51,2
DA:52,2
DA:53,2
DA:54,2
DA:55,2
DA:56,2
DA:58,2
DA:84,2
DA:85,2
DA:86,2
DA:92,2
DA:93,2
DA:94,2
DA:103,2
DA:105,1
DA:115,1
DA:133,1
DA:134,1
DA:143,1
DA:144,1
DA:145,1
DA:146,1
DA:166,1
DA:167,1
DA:168,1
DA:169,1
DA:170,1
DA:171,1
DA:172,1
DA:173,1
DA:174,1
DA:176,1
DA:177,1
DA:178,1
DA:185,3
DA:186,3
DA:188,3
DA:190,3
DA:192,3
DA:194,3
DA:195,1
DA:198,2
DA:200,2
DA:201,1
DA:204,1
DA:206,1
DA:207,1
DA:208,1
DA:219,2
DA:231,0
DA:234,0
DA:238,0
DA:239,0
DA:240,0
DA:241,0
DA:243,0
DA:245,0
DA:246,0
DA:247,0
DA:253,0
DA:254,0
DA:255,0
DA:256,0
DA:258,0
DA:259,0
DA:260,0
DA:262,0
DA:263,0
DA:264,0
DA:269,0
LF:82
LH:58
BRDA:24,0,0,0
BRDA:24,0,1,0
BRDA:25,1,0,0
BRDA:25,1,1,0
BRDA:43,2,0,2
BRDA:43,2,1,1
BRDA:44,3,0,2
BRDA:44,3,1,1
BRDA:49,4,0,0
BRDA:49,4,1,2
BRDA:52,5,0,1
BRDA:52,5,1,1
BRDA:53,6,0,0
BRDA:53,6,1,2
BRDA:54,7,0,0
BRDA:54,7,1,2
BRDA:55,8,0,0
BRDA:55,8,1,2
BRDA:84,9,0,2
BRDA:84,9,1,0
BRDA:103,10,0,1
BRDA:103,10,1,1
BRDA:107,11,0,1
BRDA:107,11,1,0
BRDA:115,12,0,1
BRDA:115,12,1,0
BRDA:137,13,0,0
BRDA:137,13,1,1
BRDA:138,14,0,0
BRDA:138,14,1,1
BRDA:139,15,0,0
BRDA:139,15,1,1
BRDA:140,16,0,0
BRDA:140,16,1,1
BRDA:141,17,0,0
BRDA:141,17,1,1
BRDA:168,18,0,1
BRDA:168,18,1,0
BRDA:169,19,0,0
BRDA:169,19,1,1
BRDA:170,20,0,0
BRDA:170,20,1,1
BRDA:171,21,0,1
BRDA:171,21,1,0
BRDA:172,22,0,0
BRDA:172,22,1,1
BRDA:173,23,0,0
BRDA:173,23,1,1
BRDA:190,24,0,0
BRDA:190,24,1,3
BRDA:194,25,0,1
BRDA:194,25,1,2
BRDA:200,26,0,1
BRDA:200,26,1,1
BRDA:241,27,0,0
BRDA:241,27,1,0
BRDA:256,28,0,0
BRDA:256,28,1,0
BRDA:259,29,0,0
BRDA:259,29,1,0
BRF:60
BRH:31
end_of_record
TN:
SF:api\sse-router.ts
FN:7,(anonymous_0)
FN:14,(anonymous_1)
FN:28,createSSEResponse
FN:37,start
FN:60,(anonymous_4)
FN:70,cancel
FNF:6
FNH:0
FNDA:0,(anonymous_0)
FNDA:0,(anonymous_1)
FNDA:0,createSSEResponse
FNDA:0,start
FNDA:0,(anonymous_4)
FNDA:0,cancel
DA:5,0
DA:8,0
DA:15,0
DA:33,0
DA:34,0
DA:36,0
DA:38,0
DA:41,0
DA:42,0
DA:45,0
DA:48,0
DA:49,0
DA:50,0
DA:51,0
DA:52,0
DA:53,0
DA:54,0
DA:60,0
DA:61,0
DA:62,0
DA:63,0
DA:65,0
DA:66,0
DA:71,0
DA:72,0
DA:76,0
LF:26
LH:0
BRDA:48,0,0,0
BRDA:48,0,1,0
BRDA:50,1,0,0
BRDA:50,1,1,0
BRDA:65,2,0,0
BRDA:65,2,1,0
BRDA:66,3,0,0
BRDA:66,3,1,0
BRDA:71,4,0,0
BRDA:71,4,1,0
BRDA:72,5,0,0
BRDA:72,5,1,0
BRF:12
BRH:0
end_of_record
TN:
SF:api\stripe-router.ts
FN:13,(anonymous_0)
FN:30,(anonymous_1)
FN:31,(anonymous_2)
FN:42,(anonymous_3)
FN:85,(anonymous_4)
FNF:5
FNH:5
FNDA:9,(anonymous_0)
FNDA:1,(anonymous_1)
FNDA:3,(anonymous_2)
FNDA:7,(anonymous_3)
FNDA:2,(anonymous_4)
DA:11,1
DA:14,9
DA:15,9
DA:17,9
DA:31,3
DA:43,7
DA:44,7
DA:45,7
DA:46,7
DA:48,7
DA:49,0
DA:53,7
DA:54,7
DA:55,2
DA:60,2
DA:61,2
DA:66,7
DA:81,7
DA:86,2
DA:87,2
DA:89,2
DA:90,1
DA:93,1
DA:98,1
LF:24
LH:23
BRDA:19,0,0,8
BRDA:19,0,1,1
BRDA:22,1,0,9
BRDA:22,1,1,8
BRDA:35,2,0,3
BRDA:35,2,1,0
BRDA:48,3,0,0
BRDA:48,3,1,7
BRDA:54,4,0,2
BRDA:54,4,1,5
BRDA:73,5,0,6
BRDA:73,5,1,1
BRDA:73,6,0,7
BRDA:73,6,1,6
BRDA:89,7,0,1
BRDA:89,7,1,1
BRF:16
BRH:14
end_of_record
TN:
SF:api\system-router.ts
FN:19,recordRequest
FN:28,(anonymous_1)
FN:123,(anonymous_2)
FN:130,(anonymous_3)
FN:135,(anonymous_4)
FN:140,formatUptime
FN:153,formatBytes
FNF:7
FNH:0
FNDA:0,recordRequest
FNDA:0,(anonymous_1)
FNDA:0,(anonymous_2)
FNDA:0,(anonymous_3)
FNDA:0,(anonymous_4)
FNDA:0,formatUptime
FNDA:0,formatBytes
DA:12,0
DA:15,0
DA:16,0
DA:17,0
DA:20,0
DA:21,0
DA:22,0
DA:23,0
DA:26,0
DA:29,0
DA:30,0
DA:33,0
DA:34,0
DA:35,0
DA:36,0
DA:37,0
DA:38,0
DA:39,0
DA:40,0
DA:42,0
DA:46,0
DA:49,0
DA:52,0
DA:55,0
DA:58,0
DA:60,0
DA:124,0
DA:131,0
DA:136,0
DA:141,0
DA:142,0
DA:143,0
DA:144,0
DA:145,0
DA:146,0
DA:147,0
DA:148,0
DA:149,0
DA:150,0
DA:154,0
DA:155,0
DA:156,0
LF:42
LH:0
BRDA:12,0,0,0
BRDA:12,0,1,0
BRDA:22,1,0,0
BRDA:22,1,1,0
BRDA:62,2,0,0
BRDA:62,2,1,0
BRDA:66,3,0,0
BRDA:66,3,1,0
BRDA:131,4,0,0
BRDA:131,4,1,0
BRDA:146,5,0,0
BRDA:146,5,1,0
BRDA:147,6,0,0
BRDA:147,6,1,0
BRDA:148,7,0,0
BRDA:148,7,1,0
BRDA:154,8,0,0
BRDA:154,8,1,0
BRDA:155,9,0,0
BRDA:155,9,1,0
BRF:20
BRH:0
end_of_record
TN:
SF:api\telegram-router.ts
FN:10,sendTelegram
FN:26,notifyAdmin
FN:30,notifyUserById
FN:38,notifyTenantRole
FN:45,(anonymous_4)
FN:46,(anonymous_5)
FN:51,(anonymous_6)
FN:54,(anonymous_7)
FN:57,(anonymous_8)
FN:60,(anonymous_9)
FN:63,(anonymous_10)
FN:66,(anonymous_11)
FN:69,(anonymous_12)
FN:81,(anonymous_13)
FN:97,(anonymous_14)
FN:106,(anonymous_15)
FN:116,(anonymous_16)
FNF:17
FNH:0
FNDA:0,sendTelegram
FNDA:0,notifyAdmin
FNDA:0,notifyUserById
FNDA:0,notifyTenantRole
FNDA:0,(anonymous_4)
FNDA:0,(anonymous_5)
FNDA:0,(anonymous_6)
FNDA:0,(anonymous_7)
FNDA:0,(anonymous_8)
FNDA:0,(anonymous_9)
FNDA:0,(anonymous_10)
FNDA:0,(anonymous_11)
FNDA:0,(anonymous_12)
FNDA:0,(anonymous_13)
FNDA:0,(anonymous_14)
FNDA:0,(anonymous_15)
FNDA:0,(anonymous_16)
DA:11,0
DA:12,0
DA:13,0
DA:14,0
DA:19,0
DA:21,0
DA:27,0
DA:31,0
DA:32,0
DA:34,0
DA:35,0
DA:41,0
DA:42,0
DA:45,0
DA:46,0
DA:50,0
DA:52,0
DA:55,0
DA:58,0
DA:61,0
DA:64,0
DA:67,0
DA:70,0
DA:74,0
DA:82,0
DA:83,0
DA:88,0
DA:93,0
DA:98,0
DA:99,0
DA:102,0
DA:107,0
DA:108,0
DA:110,0
DA:117,0
DA:118,0
LF:36
LH:0
BRDA:12,0,0,0
BRDA:12,0,1,0
BRDA:12,1,0,0
BRDA:12,1,1,0
BRDA:34,2,0,0
BRDA:34,2,1,0
BRDA:110,3,0,0
BRDA:110,3,1,0
BRF:8
BRH:0
end_of_record
TN:
SF:api\tenant-branding-router.ts
FN:9,escapeCSS
FN:17,generateCSSVariables
FN:52,(anonymous_2)
FN:77,(anonymous_3)
FN:78,(anonymous_4)
FN:118,(anonymous_5)
FN:156,(anonymous_6)
FNF:7
FNH:0
FNDA:0,escapeCSS
FNDA:0,generateCSSVariables
FNDA:0,(anonymous_2)
FNDA:0,(anonymous_3)
FNDA:0,(anonymous_4)
FNDA:0,(anonymous_5)
FNDA:0,(anonymous_6)
DA:10,0
DA:25,0
DA:26,0
DA:27,0
DA:28,0
DA:29,0
DA:30,0
DA:31,0
DA:50,0
DA:53,0
DA:54,0
DA:55,0
DA:57,0
DA:58,0
DA:61,0
DA:72,0
DA:73,0
DA:78,0
DA:79,0
DA:80,0
DA:81,0
DA:83,0
DA:84,0
DA:86,0
DA:89,0
DA:119,0
DA:120,0
DA:123,0
DA:124,0
DA:125,0
DA:126,0
DA:127,0
DA:128,0
DA:129,0
DA:130,0
DA:131,0
DA:132,0
DA:135,0
DA:138,0
DA:139,0
DA:142,0
DA:146,0
DA:148,0
DA:157,0
DA:158,0
DA:160,0
DA:163,0
DA:164,0
DA:167,0
DA:170,0
DA:171,0
LF:51
LH:0
BRDA:25,0,0,0
BRDA:25,0,1,0
BRDA:26,1,0,0
BRDA:26,1,1,0
BRDA:27,2,0,0
BRDA:27,2,1,0
BRDA:28,3,0,0
BRDA:28,3,1,0
BRDA:29,4,0,0
BRDA:29,4,1,0
BRDA:30,5,0,0
BRDA:30,5,1,0
BRDA:55,6,0,0
BRDA:55,6,1,0
BRDA:61,7,0,0
BRDA:61,7,1,0
BRDA:81,8,0,0
BRDA:81,8,1,0
BRDA:86,9,0,0
BRDA:86,9,1,0
BRDA:92,10,0,0
BRDA:92,10,1,0
BRDA:93,11,0,0
BRDA:93,11,1,0
BRDA:94,12,0,0
BRDA:94,12,1,0
BRDA:124,13,0,0
BRDA:124,13,1,0
BRDA:125,14,0,0
BRDA:125,14,1,0
BRDA:126,15,0,0
BRDA:126,15,1,0
BRDA:127,16,0,0
BRDA:127,16,1,0
BRDA:128,17,0,0
BRDA:128,17,1,0
BRDA:129,18,0,0
BRDA:129,18,1,0
BRDA:130,19,0,0
BRDA:130,19,1,0
BRDA:131,20,0,0
BRDA:131,20,1,0
BRDA:132,21,0,0
BRDA:132,21,1,0
BRDA:132,22,0,0
BRDA:132,22,1,0
BRDA:138,23,0,0
BRDA:138,23,1,0
BRDA:163,24,0,0
BRDA:163,24,1,0
BRF:50
BRH:0
end_of_record
TN:
SF:api\tenant-router.ts
FN:15,slugify
FN:33,(anonymous_1)
FN:51,(anonymous_2)
FN:65,(anonymous_3)
FN:73,(anonymous_4)
FN:89,(anonymous_5)
FN:108,(anonymous_6)
FN:128,(anonymous_7)
FN:129,(anonymous_8)
FN:131,(anonymous_9)
FN:142,(anonymous_10)
FN:195,(anonymous_11)
FN:213,(anonymous_12)
FN:232,(anonymous_13)
FN:247,(anonymous_14)
FN:261,(anonymous_15)
FN:283,(anonymous_16)
FN:296,(anonymous_17)
FN:324,(anonymous_18)
FN:334,(anonymous_19)
FN:366,(anonymous_20)
FN:367,(anonymous_21)
FN:368,(anonymous_22)
FNF:23
FNH:0
FNDA:0,slugify
FNDA:0,(anonymous_1)
FNDA:0,(anonymous_2)
FNDA:0,(anonymous_3)
FNDA:0,(anonymous_4)
FNDA:0,(anonymous_5)
FNDA:0,(anonymous_6)
FNDA:0,(anonymous_7)
FNDA:0,(anonymous_8)
FNDA:0,(anonymous_9)
FNDA:0,(anonymous_10)
FNDA:0,(anonymous_11)
FNDA:0,(anonymous_12)
FNDA:0,(anonymous_13)
FNDA:0,(anonymous_14)
FNDA:0,(anonymous_15)
FNDA:0,(anonymous_16)
FNDA:0,(anonymous_17)
FNDA:0,(anonymous_18)
FNDA:0,(anonymous_19)
FNDA:0,(anonymous_20)
FNDA:0,(anonymous_21)
FNDA:0,(anonymous_22)
DA:13,0
DA:16,0
DA:24,0
DA:34,0
DA:35,0
DA:36,0
DA:39,0
DA:40,0
DA:41,0
DA:42,0
DA:43,0
DA:45,0
DA:47,0
DA:49,0
DA:51,0
DA:52,0
DA:55,0
DA:56,0
DA:60,0
DA:63,0
DA:65,0
DA:66,0
DA:69,0
DA:73,0
DA:90,0
DA:91,0
DA:93,0
DA:95,0
DA:96,0
DA:100,0
DA:109,0
DA:111,0
DA:114,0
DA:119,0
DA:128,0
DA:129,0
DA:131,0
DA:143,0
DA:145,0
DA:152,0
DA:154,0
DA:173,0
DA:185,0
DA:195,0
DA:214,0
DA:216,0
DA:217,0
DA:218,0
DA:219,0
DA:221,0
DA:223,0
DA:225,0
DA:226,0
DA:227,0
DA:232,0
DA:233,0
DA:238,0
DA:240,0
DA:244,0
DA:247,0
DA:248,0
DA:251,0
DA:262,0
DA:263,0
DA:265,0
DA:270,0
DA:274,0
DA:284,0
DA:287,0
DA:297,0
DA:298,0
DA:301,0
DA:304,0
DA:306,0
DA:310,0
DA:314,0
DA:325,0
DA:326,0
DA:327,0
DA:330,0
DA:335,0
DA:338,0
DA:339,0
DA:342,0
DA:344,0
DA:348,0
DA:353,0
DA:361,0
DA:366,0
DA:367,0
DA:368,0
LF:91
LH:0
BRDA:35,0,0,0
BRDA:35,0,1,0
BRDA:47,1,0,0
BRDA:47,1,1,0
BRDA:65,2,0,0
BRDA:65,2,1,0
BRDA:66,3,0,0
BRDA:66,3,1,0
BRDA:93,4,0,0
BRDA:93,4,1,0
BRDA:129,5,0,0
BRDA:129,5,1,0
BRDA:133,6,0,0
BRDA:133,6,1,0
BRDA:134,7,0,0
BRDA:134,7,1,0
BRDA:135,8,0,0
BRDA:135,8,1,0
BRDA:152,9,0,0
BRDA:152,9,1,0
BRDA:187,10,0,0
BRDA:187,10,1,0
BRDA:190,11,0,0
BRDA:190,11,1,0
BRDA:191,12,0,0
BRDA:191,12,1,0
BRDA:192,13,0,0
BRDA:192,13,1,0
BRDA:193,14,0,0
BRDA:193,14,1,0
BRDA:223,15,0,0
BRDA:223,15,1,0
BRDA:227,16,0,0
BRDA:227,16,1,0
BRDA:235,17,0,0
BRDA:235,17,1,0
BRDA:248,18,0,0
BRDA:248,18,1,0
BRDA:301,19,0,0
BRDA:301,19,1,0
BRDA:301,20,0,0
BRDA:301,20,1,0
BRDA:362,21,0,0
BRDA:362,21,1,0
BRDA:363,22,0,0
BRDA:363,22,1,0
BRDA:364,23,0,0
BRDA:364,23,1,0
BRDA:365,24,0,0
BRDA:365,24,1,0
BRF:50
BRH:0
end_of_record
TN:
SF:api\user-router.ts
FN:21,(anonymous_0)
FN:46,(anonymous_1)
FN:54,(anonymous_2)
FN:63,(anonymous_3)
FN:74,(anonymous_4)
FN:102,(anonymous_5)
FN:149,(anonymous_6)
FN:170,(anonymous_7)
FNF:8
FNH:0
FNDA:0,(anonymous_0)
FNDA:0,(anonymous_1)
FNDA:0,(anonymous_2)
FNDA:0,(anonymous_3)
FNDA:0,(anonymous_4)
FNDA:0,(anonymous_5)
FNDA:0,(anonymous_6)
FNDA:0,(anonymous_7)
DA:13,0
DA:22,0
DA:23,0
DA:24,0
DA:25,0
DA:26,0
DA:28,0
DA:29,0
DA:30,0
DA:31,0
DA:33,0
DA:41,0
DA:47,0
DA:51,0
DA:54,0
DA:64,0
DA:65,0
DA:75,0
DA:76,0
DA:77,0
DA:80,0
DA:83,0
DA:85,0
DA:86,0
DA:88,0
DA:89,0
DA:90,0
DA:103,0
DA:104,0
DA:107,0
DA:108,0
DA:110,0
DA:111,0
DA:114,0
DA:115,0
DA:121,0
DA:124,0
DA:128,0
DA:129,0
DA:140,0
DA:150,0
DA:151,0
DA:152,0
DA:155,0
DA:164,0
DA:171,0
DA:174,0
DA:176,0
DA:177,0
DA:180,0
DA:181,0
DA:185,0
DA:188,0
DA:198,0
LF:54
LH:0
BRDA:24,0,0,0
BRDA:24,0,1,0
BRDA:25,1,0,0
BRDA:25,1,1,0
BRDA:29,2,0,0
BRDA:29,2,1,0
BRDA:30,3,0,0
BRDA:30,3,1,0
BRDA:41,4,0,0
BRDA:41,4,1,0
BRDA:51,5,0,0
BRDA:51,5,1,0
BRDA:76,6,0,0
BRDA:76,6,1,0
BRDA:83,7,0,0
BRDA:83,7,1,0
BRDA:86,8,0,0
BRDA:86,8,1,0
BRDA:107,9,0,0
BRDA:107,9,1,0
BRDA:107,10,0,0
BRDA:107,10,1,0
BRDA:107,10,2,0
BRDA:110,11,0,0
BRDA:110,11,1,0
BRDA:110,12,0,0
BRDA:110,12,1,0
BRDA:114,13,0,0
BRDA:114,13,1,0
BRDA:128,14,0,0
BRDA:128,14,1,0
BRDA:128,15,0,0
BRDA:128,15,1,0
BRDA:136,16,0,0
BRDA:136,16,1,0
BRDA:136,17,0,0
BRDA:136,17,1,0
BRDA:176,18,0,0
BRDA:176,18,1,0
BRDA:176,19,0,0
BRDA:176,19,1,0
BRDA:180,20,0,0
BRDA:180,20,1,0
BRF:43
BRH:0
end_of_record
TN:
SF:api\warehouse-multi-router.ts
FN:10,(anonymous_0)
FN:25,(anonymous_1)
FN:45,(anonymous_2)
FN:57,(anonymous_3)
FN:75,(anonymous_4)
FN:108,(anonymous_5)
FN:145,(anonymous_6)
FN:161,(anonymous_7)
FN:217,(anonymous_8)
FNF:9
FNH:0
FNDA:0,(anonymous_0)
FNDA:0,(anonymous_1)
FNDA:0,(anonymous_2)
FNDA:0,(anonymous_3)
FNDA:0,(anonymous_4)
FNDA:0,(anonymous_5)
FNDA:0,(anonymous_6)
FNDA:0,(anonymous_7)
FNDA:0,(anonymous_8)
DA:8,0
DA:11,0
DA:12,0
DA:26,0
DA:27,0
DA:33,0
DA:46,0
DA:47,0
DA:48,0
DA:51,0
DA:58,0
DA:60,0
DA:64,0
DA:67,0
DA:76,0
DA:77,0
DA:79,0
DA:80,0
DA:83,0
DA:109,0
DA:111,0
DA:112,0
DA:116,0
DA:125,0
DA:126,0
DA:129,0
DA:139,0
DA:146,0
DA:148,0
DA:157,0
DA:158,0
DA:161,0
DA:163,0
DA:175,0
DA:184,0
DA:185,0
DA:192,0
DA:203,0
DA:208,0
DA:218,0
DA:219,0
DA:221,0
DA:222,0
DA:225,0
LF:44
LH:0
BRDA:79,0,0,0
BRDA:79,0,1,0
BRDA:111,1,0,0
BRDA:111,1,1,0
BRDA:125,2,0,0
BRDA:125,2,1,0
BRDA:125,3,0,0
BRDA:125,3,1,0
BRDA:157,4,0,0
BRDA:157,4,1,0
BRDA:184,5,0,0
BRDA:184,5,1,0
BRDA:221,6,0,0
BRDA:221,6,1,0
BRDA:221,7,0,0
BRDA:221,7,1,0
BRDA:241,8,0,0
BRDA:241,8,1,0
BRF:18
BRH:0
end_of_record
TN:
SF:api\warehouse-reports-router.ts
FN:12,(anonymous_0)
FN:36,(anonymous_1)
FN:63,(anonymous_2)
FN:91,(anonymous_3)
FN:133,(anonymous_4)
FN:153,(anonymous_5)
FNF:6
FNH:0
FNDA:0,(anonymous_0)
FNDA:0,(anonymous_1)
FNDA:0,(anonymous_2)
FNDA:0,(anonymous_3)
FNDA:0,(anonymous_4)
FNDA:0,(anonymous_5)
DA:10,0
DA:13,0
DA:14,0
DA:16,0
DA:30,0
DA:37,0
DA:38,0
DA:39,0
DA:40,0
DA:42,0
DA:57,0
DA:64,0
DA:65,0
DA:67,0
DA:92,0
DA:93,0
DA:94,0
DA:95,0
DA:97,0
DA:112,0
DA:127,0
DA:134,0
DA:135,0
DA:136,0
DA:137,0
DA:139,0
DA:153,0
DA:154,0
DA:155,0
DA:156,0
DA:157,0
DA:158,0
DA:159,0
LF:33
LH:0
BRDA:39,0,0,0
BRDA:39,0,1,0
BRDA:85,1,0,0
BRDA:85,1,1,0
BRDA:94,2,0,0
BRDA:94,2,1,0
BRDA:136,3,0,0
BRDA:136,3,1,0
BRDA:154,4,0,0
BRDA:154,4,1,0
BRDA:157,5,0,0
BRDA:157,5,1,0
BRDA:158,6,0,0
BRDA:158,6,1,0
BRF:14
BRH:0
end_of_record
TN:
SF:api\warehouse-router.ts
FN:16,(anonymous_0)
FN:65,(anonymous_1)
FN:84,(anonymous_2)
FN:103,(anonymous_3)
FN:110,(anonymous_4)
FN:121,(anonymous_5)
FN:140,(anonymous_6)
FN:174,(anonymous_7)
FN:199,(anonymous_8)
FN:218,(anonymous_9)
FN:243,(anonymous_10)
FN:258,(anonymous_11)
FNF:12
FNH:2
FNDA:0,(anonymous_0)
FNDA:0,(anonymous_1)
FNDA:0,(anonymous_2)
FNDA:12,(anonymous_3)
FNDA:12,(anonymous_4)
FNDA:0,(anonymous_5)
FNDA:0,(anonymous_6)
FNDA:0,(anonymous_7)
FNDA:0,(anonymous_8)
FNDA:0,(anonymous_9)
FNDA:0,(anonymous_10)
FNDA:0,(anonymous_11)
DA:8,3
DA:17,0
DA:18,0
DA:19,0
DA:20,0
DA:21,0
DA:24,0
DA:25,0
DA:26,0
DA:30,0
DA:33,0
DA:34,0
DA:35,0
DA:36,0
DA:38,0
DA:60,0
DA:66,0
DA:87,0
DA:88,0
DA:89,0
DA:90,0
DA:91,0
DA:92,0
DA:95,0
DA:97,0
DA:104,12
DA:105,12
DA:111,12
DA:112,12
DA:122,0
DA:123,0
DA:125,0
DA:134,0
DA:141,0
DA:142,0
DA:143,0
DA:144,0
DA:146,0
DA:175,0
DA:176,0
DA:177,0
DA:180,0
DA:199,0
DA:200,0
DA:201,0
DA:202,0
DA:203,0
DA:204,0
DA:206,0
DA:219,0
DA:220,0
DA:223,0
DA:231,0
DA:232,0
DA:235,0
DA:240,0
DA:242,0
DA:243,0
DA:253,0
DA:259,0
DA:260,0
DA:263,0
DA:267,0
DA:271,0
LF:64
LH:5
BRDA:19,0,0,0
BRDA:19,0,1,0
BRDA:20,1,0,0
BRDA:20,1,1,0
BRDA:25,2,0,0
BRDA:25,2,1,0
BRDA:34,3,0,0
BRDA:34,3,1,0
BRDA:35,4,0,0
BRDA:35,4,1,0
BRDA:60,5,0,0
BRDA:60,5,1,0
BRDA:90,6,0,0
BRDA:90,6,1,0
BRDA:91,7,0,0
BRDA:91,7,1,0
BRDA:91,8,0,0
BRDA:91,8,1,0
BRDA:92,9,0,0
BRDA:92,9,1,0
BRDA:95,10,0,0
BRDA:95,10,1,0
BRDA:105,11,0,12
BRDA:105,11,1,12
BRDA:134,12,0,0
BRDA:134,12,1,0
BRDA:143,13,0,0
BRDA:143,13,1,0
BRDA:201,14,0,0
BRDA:201,14,1,0
BRDA:202,15,0,0
BRDA:202,15,1,0
BRDA:203,16,0,0
BRDA:203,16,1,0
BRDA:211,17,0,0
BRDA:211,17,1,0
BRDA:231,18,0,0
BRDA:231,18,1,0
BRDA:232,19,0,0
BRDA:232,19,1,0
BRDA:240,20,0,0
BRDA:240,20,1,0
BRF:42
BRH:2
end_of_record
TN:
SF:api\auth\index.ts
FN:14,authenticateRequest
FNF:1
FNH:0
FNDA:0,authenticateRequest
DA:19,0
DA:20,0
DA:21,0
DA:23,0
DA:24,0
DA:27,0
DA:29,0
DA:30,0
DA:32,0
DA:33,0
DA:34,0
DA:36,0
DA:37,0
DA:39,0
LF:14
LH:0
BRDA:19,0,0,0
BRDA:19,0,1,0
BRDA:20,1,0,0
BRDA:20,1,1,0
BRDA:23,2,0,0
BRDA:23,2,1,0
BRDA:27,3,0,0
BRDA:27,3,1,0
BRDA:30,4,0,0
BRDA:30,4,1,0
BRDA:33,5,0,0
BRDA:33,5,1,0
BRDA:34,6,0,0
BRDA:34,6,1,0
BRDA:37,7,0,0
BRDA:37,7,1,0
BRDA:37,8,0,0
BRDA:37,8,1,0
BRF:18
BRH:0
end_of_record
TN:
SF:api\auth\password.ts
FN:7,randomSalt
FN:12,hashPassword
FN:14,(anonymous_2)
FN:15,(anonymous_3)
FN:22,verifyPassword
FN:27,(anonymous_5)
FN:28,(anonymous_6)
FNF:7
FNH:7
FNDA:5,randomSalt
FNDA:5,hashPassword
FNDA:5,(anonymous_2)
FNDA:5,(anonymous_3)
FNDA:6,verifyPassword
FNDA:3,(anonymous_5)
FNDA:3,(anonymous_6)
DA:3,1
DA:4,1
DA:5,1
DA:9,5
DA:13,5
DA:14,5
DA:15,5
DA:16,5
DA:17,5
DA:23,6
DA:24,6
DA:26,3
DA:27,3
DA:28,3
DA:29,3
DA:31,3
DA:32,3
DA:35,3
DA:36,1
DA:37,1
DA:41,2
LF:21
LH:21
BRDA:16,0,0,0
BRDA:16,0,1,5
BRDA:24,1,0,3
BRDA:24,1,1,3
BRDA:24,2,0,6
BRDA:24,2,1,3
BRDA:29,3,0,0
BRDA:29,3,1,3
BRDA:35,4,0,1
BRDA:35,4,1,2
BRF:10
BRH:8
end_of_record
TN:
SF:api\auth\session.ts
FN:10,signSessionToken
FN:19,verifySessionToken
FNF:2
FNH:2
FNDA:2,signSessionToken
FNDA:6,verifySessionToken
DA:4,1
DA:11,2
DA:12,2
DA:20,6
DA:21,5
DA:22,5
DA:23,5
DA:26,1
DA:27,1
DA:28,1
DA:30,4
LF:11
LH:11
BRDA:20,0,0,1
BRDA:20,0,1,5
BRDA:27,1,0,0
BRDA:27,1,1,1
BRF:4
BRH:3
end_of_record
TN:
SF:api\controllers\AuthController.ts
FN:20,slugify
FN:30,me
FN:45,login
FN:59,(anonymous_3)
FN:103,register
FN:125,(anonymous_5)
FN:140,(anonymous_6)
FN:160,logout
FNF:8
FNH:0
FNDA:0,slugify
FNDA:0,me
FNDA:0,login
FNDA:0,(anonymous_3)
FNDA:0,register
FNDA:0,(anonymous_5)
FNDA:0,(anonymous_6)
FNDA:0,logout
DA:17,0
DA:18,0
DA:21,0
DA:29,0
DA:31,0
DA:32,0
DA:34,0
DA:46,0
DA:47,0
DA:48,0
DA:54,0
DA:56,0
DA:57,0
DA:59,0
DA:61,0
DA:62,0
DA:65,0
DA:66,0
DA:69,0
DA:70,0
DA:71,0
DA:74,0
DA:76,0
DA:77,0
DA:79,0
DA:90,0
DA:107,0
DA:108,0
DA:109,0
DA:112,0
DA:113,0
DA:114,0
DA:115,0
DA:116,0
DA:118,0
DA:120,0
DA:122,0
DA:125,0
DA:126,0
DA:129,0
DA:130,0
DA:134,0
DA:135,0
DA:138,0
DA:140,0
DA:141,0
DA:144,0
DA:145,0
DA:146,0
DA:157,0
DA:161,0
DA:163,0
DA:175,0
LF:53
LH:0
BRDA:31,0,0,0
BRDA:31,0,1,0
BRDA:31,1,0,0
BRDA:31,1,1,0
BRDA:47,2,0,0
BRDA:47,2,1,0
BRDA:57,3,0,0
BRDA:57,3,1,0
BRDA:61,4,0,0
BRDA:61,4,1,0
BRDA:61,5,0,0
BRDA:61,5,1,0
BRDA:65,6,0,0
BRDA:65,6,1,0
BRDA:70,7,0,0
BRDA:70,7,1,0
BRDA:70,8,0,0
BRDA:70,8,1,0
BRDA:108,9,0,0
BRDA:108,9,1,0
BRDA:120,10,0,0
BRDA:120,10,1,0
BRDA:140,11,0,0
BRDA:140,11,1,0
BRDA:141,12,0,0
BRDA:141,12,1,0
BRF:26
BRH:0
end_of_record
TN:
SF:api\controllers\DashboardController.ts
FN:5,mapError
FN:11,getOverview
FN:19,getRevenueTrend
FN:27,getOrderTrend
FNF:4
FNH:0
FNDA:0,mapError
FNDA:0,getOverview
FNDA:0,getRevenueTrend
FNDA:0,getOrderTrend
DA:6,0
DA:7,0
DA:10,0
DA:12,0
DA:13,0
DA:15,0
DA:20,0
DA:21,0
DA:23,0
DA:28,0
DA:29,0
DA:31,0
LF:12
LH:0
BRDA:6,0,0,0
BRDA:6,0,1,0
BRF:2
BRH:0
end_of_record
TN:
SF:api\controllers\OrderController.ts
FN:5,mapError
FN:11,list
FN:25,getById
FN:41,create
FN:52,cancel
FN:63,updateStatus
FNF:6
FNH:0
FNDA:0,mapError
FNDA:0,list
FNDA:0,getById
FNDA:0,create
FNDA:0,cancel
FNDA:0,updateStatus
DA:6,0
DA:7,0
DA:10,0
DA:15,0
DA:16,0
DA:21,0
DA:26,0
DA:27,0
DA:31,0
DA:32,0
DA:34,0
DA:36,0
DA:37,0
DA:45,0
DA:46,0
DA:48,0
DA:53,0
DA:54,0
DA:59,0
DA:67,0
DA:68,0
DA:70,0
LF:22
LH:0
BRDA:6,0,0,0
BRDA:6,0,1,0
BRDA:16,1,0,0
BRDA:16,1,1,0
BRDA:31,2,0,0
BRDA:31,2,1,0
BRDA:36,3,0,0
BRDA:36,3,1,0
BRF:8
BRH:0
end_of_record
TN:
SF:api\controllers\ProductController.ts
FN:6,mapError
FN:12,list
FN:20,getById
FN:33,create
FN:41,update
FN:50,delete
FNF:6
FNH:0
FNDA:0,mapError
FNDA:0,list
FNDA:0,getById
FNDA:0,create
FNDA:0,update
FNDA:0,delete
DA:7,0
DA:8,0
DA:11,0
DA:13,0
DA:14,0
DA:16,0
DA:21,0
DA:22,0
DA:23,0
DA:24,0
DA:26,0
DA:28,0
DA:29,0
DA:34,0
DA:35,0
DA:37,0
DA:42,0
DA:43,0
DA:44,0
DA:46,0
DA:51,0
DA:52,0
DA:54,0
LF:23
LH:0
BRDA:7,0,0,0
BRDA:7,0,1,0
BRDA:23,1,0,0
BRDA:23,1,1,0
BRDA:28,2,0,0
BRDA:28,2,1,0
BRF:6
BRH:0
end_of_record
TN:
SF:api\controllers\ShopController.ts
FN:6,mapError
FN:12,list
FN:20,getById
FN:33,create
FN:41,update
FN:50,delete
FNF:6
FNH:0
FNDA:0,mapError
FNDA:0,list
FNDA:0,getById
FNDA:0,create
FNDA:0,update
FNDA:0,delete
DA:7,0
DA:8,0
DA:11,0
DA:13,0
DA:14,0
DA:16,0
DA:21,0
DA:22,0
DA:23,0
DA:24,0
DA:26,0
DA:28,0
DA:29,0
DA:34,0
DA:35,0
DA:37,0
DA:42,0
DA:43,0
DA:44,0
DA:46,0
DA:51,0
DA:52,0
DA:54,0
LF:23
LH:0
BRDA:7,0,0,0
BRDA:7,0,1,0
BRDA:23,1,0,0
BRDA:23,1,1,0
BRDA:28,2,0,0
BRDA:28,2,1,0
BRF:6
BRH:0
end_of_record
TN:
SF:api\controllers\UserController.ts
FN:6,mapError
FN:12,list
FN:20,getById
FN:33,create
FN:41,update
FN:50,delete
FN:58,changePassword
FNF:7
FNH:0
FNDA:0,mapError
FNDA:0,list
FNDA:0,getById
FNDA:0,create
FNDA:0,update
FNDA:0,delete
FNDA:0,changePassword
DA:7,0
DA:8,0
DA:11,0
DA:13,0
DA:14,0
DA:16,0
DA:21,0
DA:22,0
DA:23,0
DA:24,0
DA:26,0
DA:28,0
DA:29,0
DA:34,0
DA:35,0
DA:37,0
DA:42,0
DA:43,0
DA:44,0
DA:46,0
DA:51,0
DA:52,0
DA:54,0
DA:62,0
DA:63,0
DA:71,0
DA:72,0
DA:73,0
DA:75,0
LF:29
LH:0
BRDA:7,0,0,0
BRDA:7,0,1,0
BRDA:23,1,0,0
BRDA:23,1,1,0
BRDA:28,2,0,0
BRDA:28,2,1,0
BRDA:71,3,0,0
BRDA:71,3,1,0
BRDA:72,4,0,0
BRDA:72,4,1,0
BRF:10
BRH:0
end_of_record
TN:
SF:api\cron\telegram-ai-bot.ts
FN:30,handleIntent
FN:109,(anonymous_1)
FN:149,(anonymous_2)
FN:180,(anonymous_3)
FN:234,findUserByChatId
FN:244,(anonymous_5)
FNF:6
FNH:0
FNDA:0,handleIntent
FNDA:0,(anonymous_1)
FNDA:0,(anonymous_2)
FNDA:0,(anonymous_3)
FNDA:0,findUserByChatId
FNDA:0,(anonymous_5)
DA:18,0
DA:21,0
DA:34,0
DA:35,0
DA:38,0
DA:39,0
DA:56,0
DA:58,0
DA:62,0
DA:64,0
DA:80,0
DA:81,0
DA:88,0
DA:92,0
DA:105,0
DA:106,0
DA:109,0
DA:110,0
DA:113,0
DA:121,0
DA:122,0
DA:123,0
DA:125,0
DA:141,0
DA:142,0
DA:145,0
DA:149,0
DA:150,0
DA:153,0
DA:160,0
DA:161,0
DA:176,0
DA:177,0
DA:180,0
DA:181,0
DA:184,0
DA:191,0
DA:192,0
DA:193,0
DA:195,0
DA:206,0
DA:212,0
DA:221,0
DA:235,0
DA:236,0
DA:240,0
DA:244,0
DA:245,0
DA:246,0
DA:249,0
DA:250,0
DA:251,0
DA:254,0
DA:255,0
DA:258,0
DA:259,0
DA:260,0
DA:261,0
DA:265,0
DA:266,0
DA:268,0
DA:270,0
DA:271,0
LF:63
LH:0
BRDA:38,0,0,0
BRDA:38,0,1,0
BRDA:56,1,0,0
BRDA:56,1,1,0
BRDA:62,2,0,0
BRDA:62,2,1,0
BRDA:80,3,0,0
BRDA:80,3,1,0
BRDA:83,4,0,0
BRDA:83,4,1,0
BRDA:84,5,0,0
BRDA:84,5,1,0
BRDA:105,6,0,0
BRDA:105,6,1,0
BRDA:110,7,0,0
BRDA:110,7,1,0
BRDA:116,8,0,0
BRDA:116,8,1,0
BRDA:121,9,0,0
BRDA:121,9,1,0
BRDA:141,10,0,0
BRDA:141,10,1,0
BRDA:150,11,0,0
BRDA:150,11,1,0
BRDA:150,12,0,0
BRDA:150,12,1,0
BRDA:160,13,0,0
BRDA:160,13,1,0
BRDA:176,14,0,0
BRDA:176,14,1,0
BRDA:191,15,0,0
BRDA:191,15,1,0
BRDA:214,16,0,0
BRDA:214,16,1,0
BRDA:215,17,0,0
BRDA:215,17,1,0
BRDA:216,18,0,0
BRDA:216,18,1,0
BRDA:240,19,0,0
BRDA:240,19,1,0
BRDA:250,20,0,0
BRDA:250,20,1,0
BRDA:250,21,0,0
BRDA:250,21,1,0
BRDA:259,22,0,0
BRDA:259,22,1,0
BRF:46
BRH:0
end_of_record
TN:
SF:api\cron\trial-reminders.ts
FN:14,runTrialReminders
FNF:1
FNH:0
FNDA:0,runTrialReminders
DA:15,0
DA:16,0
DA:17,0
DA:18,0
DA:19,0
DA:22,0
DA:30,0
DA:31,0
DA:33,0
DA:38,0
DA:40,0
DA:42,0
DA:44,0
DA:49,0
DA:50,0
DA:51,0
DA:60,0
DA:62,0
DA:70,0
DA:76,0
DA:78,0
DA:82,0
DA:83,0
LF:23
LH:0
BRDA:38,0,0,0
BRDA:38,0,1,0
BRDA:42,1,0,0
BRDA:42,1,1,0
BRDA:60,2,0,0
BRDA:60,2,1,0
BRDA:78,3,0,0
BRDA:78,3,1,0
BRF:8
BRH:0
end_of_record
TN:
SF:api\guards\permissions.ts
FN:190,hasPermission
FN:197,hasAllPermissions
FN:198,(anonymous_2)
FN:204,hasAnyPermission
FN:205,(anonymous_4)
FN:211,getPermissionsForRole
FN:231,hasHigherOrEqualRole
FNF:7
FNH:0
FNDA:0,hasPermission
FNDA:0,hasAllPermissions
FNDA:0,(anonymous_2)
FNDA:0,hasAnyPermission
FNDA:0,(anonymous_4)
FNDA:0,getPermissionsForRole
FNDA:0,hasHigherOrEqualRole
DA:82,0
DA:191,0
DA:198,0
DA:205,0
DA:212,0
DA:218,0
DA:232,0
LF:7
LH:0
BRDA:191,0,0,0
BRDA:191,0,1,0
BRDA:212,1,0,0
BRDA:212,1,1,0
BRF:4
BRH:0
end_of_record
TN:
SF:api\lib\cache.ts
FN:26,constructor
FN:31,(anonymous_1)
FN:34,get
FN:50,set
FN:67,invalidate
FN:74,invalidatePrefix
FN:86,getStats
FN:94,clear
FN:99,destroy
FN:107,prune
FN:123,(anonymous_10)
FN:124,(anonymous_11)
FN:125,(anonymous_12)
FN:126,(anonymous_13)
FN:127,(anonymous_14)
FN:129,(anonymous_15)
FN:130,(anonymous_16)
FN:132,(anonymous_17)
FN:133,(anonymous_18)
FN:135,(anonymous_19)
FN:136,(anonymous_20)
FN:137,(anonymous_21)
FNF:22
FNH:9
FNDA:7,constructor
FNDA:0,(anonymous_1)
FNDA:5,get
FNDA:5,set
FNDA:100,invalidate
FNDA:12,invalidatePrefix
FNDA:0,getStats
FNDA:0,clear
FNDA:0,destroy
FNDA:0,prune
FNDA:0,(anonymous_10)
FNDA:0,(anonymous_11)
FNDA:97,(anonymous_12)
FNDA:0,(anonymous_13)
FNDA:0,(anonymous_14)
FNDA:0,(anonymous_15)
FNDA:3,(anonymous_16)
FNDA:0,(anonymous_17)
FNDA:2,(anonymous_18)
FNDA:3,(anonymous_19)
FNDA:0,(anonymous_20)
FNDA:0,(anonymous_21)
DA:20,7
DA:21,7
DA:24,7
DA:27,7
DA:28,7
DA:31,7
DA:35,5
DA:36,5
DA:37,5
DA:38,5
DA:40,0
DA:41,0
DA:42,0
DA:43,0
DA:44,0
DA:46,0
DA:47,0
DA:52,5
DA:53,0
DA:54,0
DA:55,0
DA:56,0
DA:60,5
DA:64,5
DA:68,100
DA:69,100
DA:70,100
DA:75,12
DA:76,12
DA:77,5
DA:78,5
DA:79,5
DA:82,12
DA:83,12
DA:87,0
DA:88,0
DA:95,0
DA:96,0
DA:100,0
DA:101,0
DA:102,0
DA:104,0
DA:108,0
DA:109,0
DA:110,0
DA:111,0
DA:114,0
DA:119,7
DA:122,7
DA:123,0
DA:124,0
DA:125,97
DA:126,0
DA:128,0
DA:129,0
DA:131,3
DA:132,0
DA:134,2
DA:135,3
DA:136,0
DA:137,0
DA:141,7
LF:62
LH:30
BRDA:27,0,0,7
BRDA:27,0,1,0
BRDA:28,1,0,7
BRDA:28,1,1,0
BRDA:36,2,0,5
BRDA:36,2,1,0
BRDA:40,3,0,0
BRDA:40,3,1,0
BRDA:52,4,0,0
BRDA:52,4,1,5
BRDA:52,5,0,5
BRDA:52,5,1,0
BRDA:54,6,0,0
BRDA:54,6,1,0
BRDA:62,7,0,5
BRDA:62,7,1,0
BRDA:69,8,0,0
BRDA:69,8,1,100
BRDA:77,9,0,5
BRDA:77,9,1,0
BRDA:90,10,0,0
BRDA:90,10,1,0
BRDA:100,11,0,0
BRDA:100,11,1,0
BRDA:110,12,0,0
BRDA:110,12,1,0
BRDA:128,13,0,0
BRDA:128,13,1,0
BRDA:128,14,0,0
BRDA:128,14,1,0
BRDA:131,15,0,3
BRDA:131,15,1,2
BRDA:131,16,0,3
BRDA:131,16,1,2
BRDA:134,17,0,2
BRDA:134,17,1,1
BRDA:134,18,0,2
BRDA:134,18,1,2
BRDA:134,19,0,2
BRDA:134,19,1,2
BRDA:134,20,0,2
BRDA:134,20,1,2
BRDA:136,21,0,0
BRDA:136,21,1,0
BRF:44
BRH:20
end_of_record
TN:
SF:api\lib\constants.ts
FNF:0
FNH:0
DA:2,6
DA:3,6
DA:4,6
DA:5,6
DA:8,6
DA:9,6
DA:12,6
DA:15,6
DA:16,6
DA:17,6
DA:20,6
DA:23,6
LF:12
LH:12
BRF:0
BRH:0
end_of_record
TN:
SF:api\lib\cookies.ts
FN:3,getSessionCookieOptions
FNF:1
FNH:0
FNDA:0,getSessionCookieOptions
DA:4,0
LF:1
LH:0
BRF:0
BRH:0
end_of_record
TN:
SF:api\lib\correlation.ts
FN:10,generateCorrelationId
FNF:1
FNH:0
FNDA:0,generateCorrelationId
DA:7,0
DA:8,0
DA:11,0
LF:3
LH:0
BRF:0
BRH:0
end_of_record
TN:
SF:api\lib\env.ts
FN:3,required
FN:16,optional
FNF:2
FNH:2
FNDA:24,required
FNDA:348,optional
DA:4,24
DA:5,24
DA:6,24
DA:7,0
DA:8,0
DA:10,24
DA:11,24
DA:13,0
DA:17,348
DA:20,12
LF:10
LH:7
BRDA:5,0,0,24
BRDA:5,0,1,0
BRDA:6,1,0,0
BRDA:6,1,1,24
BRDA:16,2,0,348
BRDA:17,3,0,348
BRDA:17,3,1,348
BRF:7
BRH:5
end_of_record
TN:
SF:api\lib\error-log.ts
FN:28,logError
FN:39,getErrors
FN:49,(anonymous_2)
FN:52,(anonymous_3)
FN:55,(anonymous_4)
FN:68,getErrorById
FN:69,(anonymous_6)
FN:72,getErrorStats
FN:74,(anonymous_8)
FN:75,(anonymous_9)
FN:103,(anonymous_10)
FN:105,(anonymous_11)
FNF:12
FNH:0
FNDA:0,logError
FNDA:0,getErrors
FNDA:0,(anonymous_2)
FNDA:0,(anonymous_3)
FNDA:0,(anonymous_4)
FNDA:0,getErrorById
FNDA:0,(anonymous_6)
FNDA:0,getErrorStats
FNDA:0,(anonymous_8)
FNDA:0,(anonymous_9)
FNDA:0,(anonymous_10)
FNDA:0,(anonymous_11)
DA:23,0
DA:24,0
DA:26,0
DA:29,0
DA:34,0
DA:35,0
DA:36,0
DA:46,0
DA:48,0
DA:49,0
DA:51,0
DA:52,0
DA:54,0
DA:55,0
DA:58,0
DA:59,0
DA:60,0
DA:62,0
DA:69,0
DA:73,0
DA:74,0
DA:75,0
DA:78,0
DA:79,0
DA:80,0
DA:84,0
DA:85,0
DA:86,0
DA:87,0
DA:91,0
DA:92,0
DA:93,0
DA:94,0
DA:97,0
DA:103,0
DA:105,0
LF:36
LH:0
BRDA:35,0,0,0
BRDA:35,0,1,0
BRDA:48,1,0,0
BRDA:48,1,1,0
BRDA:51,2,0,0
BRDA:51,2,1,0
BRDA:54,3,0,0
BRDA:54,3,1,0
BRDA:59,4,0,0
BRDA:59,4,1,0
BRDA:60,5,0,0
BRDA:60,5,1,0
BRDA:80,6,0,0
BRDA:80,6,1,0
BRDA:87,7,0,0
BRDA:87,7,1,0
BRDA:94,8,0,0
BRDA:94,8,1,0
BRF:18
BRH:0
end_of_record
TN:
SF:api\lib\feature-gating.ts
FN:9,checkSubscriptionAccess
FN:32,getSubscriptionStatus
FNF:2
FNH:0
FNDA:0,checkSubscriptionAccess
FNDA:0,getSubscriptionStatus
DA:10,0
DA:11,0
DA:16,0
DA:18,0
DA:21,0
DA:22,0
DA:23,0
DA:26,0
DA:33,0
DA:34,0
DA:38,0
LF:11
LH:0
BRDA:16,0,0,0
BRDA:16,0,1,0
BRDA:18,1,0,0
BRDA:18,1,1,0
BRDA:18,2,0,0
BRDA:18,2,1,0
BRDA:21,3,0,0
BRDA:21,3,1,0
BRDA:21,4,0,0
BRDA:21,4,1,0
BRDA:23,5,0,0
BRDA:23,5,1,0
BRDA:38,6,0,0
BRDA:38,6,1,0
BRF:14
BRH:0
end_of_record
TN:
SF:api\lib\http.ts
FN:12,constructor
FN:20,request
FN:32,(anonymous_2)
FN:38,(anonymous_3)
FN:54,(anonymous_4)
FN:67,get
FN:75,post
FNF:7
FNH:0
FNDA:0,constructor
FNDA:0,request
FNDA:0,(anonymous_2)
FNDA:0,(anonymous_3)
FNDA:0,(anonymous_4)
FNDA:0,get
FNDA:0,post
DA:13,0
DA:14,0
DA:28,0
DA:30,0
DA:31,0
DA:32,0
DA:33,0
DA:37,0
DA:38,0
DA:40,0
DA:41,0
DA:49,0
DA:51,0
DA:52,0
DA:54,0
DA:55,0
DA:58,0
DA:60,0
DA:61,0
DA:63,0
DA:72,0
DA:76,0
LF:22
LH:0
BRDA:20,0,0,0
BRDA:22,1,0,0
BRDA:26,2,0,0
BRDA:31,3,0,0
BRDA:31,3,1,0
BRDA:45,4,0,0
BRDA:45,4,1,0
BRDA:51,5,0,0
BRDA:51,5,1,0
BRDA:55,6,0,0
BRDA:55,6,1,0
BRDA:60,7,0,0
BRDA:60,7,1,0
BRDA:60,8,0,0
BRDA:60,8,1,0
BRF:15
BRH:0
end_of_record
TN:
SF:api\lib\logger.ts
FN:13,sanitize
FN:17,(anonymous_1)
FN:28,emit
FN:46,(anonymous_3)
FN:47,(anonymous_4)
FN:48,(anonymous_5)
FN:49,(anonymous_6)
FN:52,createRequestId
FNF:8
FNH:0
FNDA:0,sanitize
FNDA:0,(anonymous_1)
FNDA:0,emit
FNDA:0,(anonymous_3)
FNDA:0,(anonymous_4)
FNDA:0,(anonymous_5)
FNDA:0,(anonymous_6)
FNDA:0,createRequestId
DA:5,10
DA:14,0
DA:15,0
DA:16,0
DA:17,0
DA:18,0
DA:19,0
DA:20,0
DA:22,0
DA:25,0
DA:29,0
DA:34,0
DA:35,0
DA:37,0
DA:38,0
DA:39,0
DA:41,0
DA:45,10
DA:46,0
DA:47,0
DA:48,0
DA:49,0
DA:53,0
LF:23
LH:2
BRDA:17,0,0,0
BRDA:17,0,1,0
BRDA:17,1,0,0
BRDA:17,1,1,0
BRDA:18,2,0,0
BRDA:18,2,1,0
BRDA:19,3,0,0
BRDA:19,3,1,0
BRDA:19,4,0,0
BRDA:19,4,1,0
BRDA:19,4,2,0
BRDA:34,5,0,0
BRDA:34,5,1,0
BRDA:34,6,0,0
BRDA:34,6,1,0
BRDA:38,7,0,0
BRDA:38,7,1,0
BRF:17
BRH:0
end_of_record
TN:
SF:api\lib\mailer.ts
FN:5,getTransporter
FN:34,sendEmail
FN:54,sendInviteEmail
FN:78,sendTrialEndingEmail
FNF:4
FNH:0
FNDA:0,getTransporter
FNDA:0,sendEmail
FNDA:0,sendInviteEmail
FNDA:0,sendTrialEndingEmail
DA:6,0
DA:7,0
DA:8,0
DA:9,0
DA:10,0
DA:13,0
DA:19,0
DA:35,0
DA:36,0
DA:37,0
DA:38,0
DA:45,0
DA:46,0
DA:49,0
DA:50,0
DA:61,0
DA:84,0
DA:85,0
LF:18
LH:0
BRDA:7,0,0,0
BRDA:7,0,1,0
BRDA:7,1,0,0
BRDA:7,1,1,0
BRDA:8,2,0,0
BRDA:8,2,1,0
BRDA:43,3,0,0
BRDA:43,3,1,0
BRDA:45,4,0,0
BRDA:45,4,1,0
BRDA:45,5,0,0
BRDA:45,5,1,0
BRDA:49,6,0,0
BRDA:49,6,1,0
BRDA:50,7,0,0
BRDA:50,7,1,0
BRDA:87,8,0,0
BRDA:87,8,1,0
BRDA:92,9,0,0
BRDA:92,9,1,0
BRDA:93,10,0,0
BRDA:93,10,1,0
BRF:22
BRH:0
end_of_record
TN:
SF:api\lib\metrics.ts
FN:12,recordMetric
FN:20,getMetrics
FN:22,(anonymous_2)
FN:27,getMetricsSummary
FN:46,record1CSync
FNF:5
FNH:0
FNDA:0,recordMetric
FNDA:0,getMetrics
FNDA:0,(anonymous_2)
FNDA:0,getMetricsSummary
FNDA:0,record1CSync
DA:10,0
DA:13,0
DA:15,0
DA:16,0
DA:21,0
DA:22,0
DA:24,0
DA:28,0
DA:30,0
DA:31,0
DA:32,0
DA:33,0
DA:35,0
DA:36,0
DA:37,0
DA:38,0
DA:42,0
DA:47,0
DA:48,0
LF:19
LH:0
BRDA:15,0,0,0
BRDA:15,0,1,0
BRDA:21,1,0,0
BRDA:21,1,1,0
BRDA:32,2,0,0
BRDA:32,2,1,0
BRDA:37,3,0,0
BRDA:37,3,1,0
BRF:8
BRH:0
end_of_record
TN:
SF:api\lib\onec-bridge.ts
FN:12,constructor
FN:17,authHeaders
FN:23,timeout
FN:27,odataQuery
FN:30,(anonymous_4)
FN:50,createDocument
FN:68,postDocument
FN:80,healthCheck
FN:94,getBridge
FNF:9
FNH:0
FNDA:0,constructor
FNDA:0,authHeaders
FNDA:0,timeout
FNDA:0,odataQuery
FNDA:0,(anonymous_4)
FNDA:0,createDocument
FNDA:0,postDocument
FNDA:0,healthCheck
FNDA:0,getBridge
DA:13,0
DA:14,0
DA:18,0
DA:24,0
DA:28,0
DA:29,0
DA:30,0
DA:32,0
DA:34,0
DA:42,0
DA:43,0
DA:46,0
DA:47,0
DA:51,0
DA:61,0
DA:62,0
DA:65,0
DA:69,0
DA:75,0
DA:76,0
DA:81,0
DA:82,0
DA:85,0
DA:87,0
DA:92,0
DA:95,0
DA:96,0
DA:97,0
DA:98,0
DA:100,0
DA:106,0
LF:31
LH:0
BRDA:24,0,0,0
BRDA:24,0,1,0
BRDA:29,1,0,0
BRDA:29,1,1,0
BRDA:42,2,0,0
BRDA:42,2,1,0
BRDA:47,3,0,0
BRDA:47,3,1,0
BRDA:61,4,0,0
BRDA:61,4,1,0
BRDA:75,5,0,0
BRDA:75,5,1,0
BRDA:95,6,0,0
BRDA:95,6,1,0
BRDA:97,7,0,0
BRDA:97,7,1,0
BRDA:102,8,0,0
BRDA:102,8,1,0
BRDA:103,9,0,0
BRDA:103,9,1,0
BRF:20
BRH:0
end_of_record
TN:
SF:api\lib\onec-monitor.ts
FN:29,configureAlerts
FN:33,getAlertConfig
FN:37,createAlert
FN:61,getRecentAlerts
FN:62,(anonymous_4)
FN:66,clearAlerts
FN:70,sendWebhook
FN:88,checkSyncHealth
FNF:8
FNH:7
FNDA:13,configureAlerts
FNDA:3,getAlertConfig
FNDA:161,createAlert
FNDA:4,getRecentAlerts
FNDA:104,(anonymous_4)
FNDA:13,clearAlerts
FNDA:0,sendWebhook
FNDA:5,checkSyncHealth
DA:20,1
DA:21,1
DA:23,1
DA:30,13
DA:34,3
DA:38,161
DA:39,161
DA:41,161
DA:42,50
DA:45,161
DA:46,0
DA:53,0
DA:54,0
DA:58,161
DA:62,104
DA:63,4
DA:67,13
DA:71,0
DA:73,0
DA:74,0
DA:84,0
DA:94,5
DA:95,1
DA:98,4
DA:100,4
DA:101,1
DA:108,1
DA:111,3
DA:112,1
DA:119,1
DA:122,2
LF:31
LH:24
BRDA:41,0,0,50
BRDA:41,0,1,111
BRDA:45,1,0,0
BRDA:45,1,1,161
BRDA:53,2,0,0
BRDA:53,2,1,0
BRDA:63,3,0,1
BRDA:63,3,1,3
BRDA:71,4,0,0
BRDA:71,4,1,0
BRDA:94,5,0,1
BRDA:94,5,1,4
BRDA:100,6,0,1
BRDA:100,6,1,3
BRDA:100,7,0,4
BRDA:100,7,1,2
BRDA:111,8,0,1
BRDA:111,8,1,2
BRDA:111,9,0,3
BRDA:111,9,1,2
BRF:20
BRH:15
end_of_record
TN:
SF:api\lib\rate-limit.ts
FN:23,(anonymous_0)
FN:26,(anonymous_1)
FN:44,checkRateLimit
FN:51,(anonymous_3)
FN:66,getClientIp
FN:69,(anonymous_5)
FNF:6
FNH:3
FNDA:0,(anonymous_0)
FNDA:0,(anonymous_1)
FNDA:230,checkRateLimit
FNDA:2667,(anonymous_3)
FNDA:221,getClientIp
FNDA:0,(anonymous_5)
DA:16,13
DA:20,13
DA:23,13
DA:24,0
DA:25,0
DA:26,0
DA:27,0
DA:45,230
DA:46,230
DA:47,230
DA:48,230
DA:51,2667
DA:53,230
DA:54,3
DA:55,3
DA:58,227
DA:59,227
DA:60,227
DA:67,221
DA:68,221
DA:69,0
DA:70,0
DA:71,0
DA:73,221
LF:24
LH:17
BRDA:20,0,0,13
BRDA:20,0,1,13
BRDA:27,1,0,0
BRDA:27,1,1,0
BRDA:48,2,0,230
BRDA:48,2,1,19
BRDA:53,3,0,3
BRDA:53,3,1,227
BRDA:68,4,0,0
BRDA:68,4,1,221
BRDA:68,5,0,221
BRDA:68,5,1,0
BRDA:71,6,0,0
BRDA:71,6,1,0
BRDA:74,7,0,221
BRDA:74,7,1,221
BRF:16
BRH:10
end_of_record
TN:
SF:api\lib\safe-compare.ts
FN:7,safeEqual
FNF:1
FNH:1
FNDA:8,safeEqual
DA:8,8
DA:9,6
DA:10,6
DA:11,6
DA:12,6
LF:5
LH:5
BRDA:8,0,0,2
BRDA:8,0,1,6
BRDA:8,1,0,8
BRDA:8,1,1,6
BRDA:11,2,0,0
BRDA:11,2,1,6
BRF:6
BRH:5
end_of_record
TN:
SF:api\lib\sanitize.ts
FN:12,stripControlChars
FN:22,sanitizeString
FN:29,sanitizeObject
FN:40,isSafeUrl
FN:48,sanitizeSearch
FNF:5
FNH:2
FNDA:1,stripControlChars
FNDA:1,sanitizeString
FNDA:0,sanitizeObject
FNDA:0,isSafeUrl
FNDA:0,sanitizeSearch
DA:7,1
DA:8,1
DA:9,32
DA:10,1
DA:13,1
DA:14,1
DA:15,41
DA:16,41
DA:18,1
DA:20,1
DA:23,1
DA:30,0
DA:31,0
DA:32,0
DA:33,0
DA:36,0
DA:41,0
DA:42,0
DA:43,0
DA:44,0
DA:49,0
LF:21
LH:11
BRDA:16,0,0,41
BRDA:16,0,1,0
BRDA:16,1,0,41
BRDA:16,1,1,41
BRDA:16,2,0,41
BRDA:16,2,1,41
BRDA:32,3,0,0
BRDA:32,3,1,0
BRDA:42,4,0,0
BRDA:42,4,1,0
BRDA:42,5,0,0
BRDA:42,5,1,0
BRDA:43,6,0,0
BRDA:43,6,1,0
BRDA:43,7,0,0
BRDA:43,7,1,0
BRF:16
BRH:5
end_of_record
TN:
SF:api\lib\sse.ts
FN:42,evictStaleEntries
FN:48,(anonymous_1)
FN:58,subscribe
FN:77,(anonymous_3)
FN:86,emit
FN:124,getRecentEvents
FN:128,(anonymous_6)
FN:132,getStats
FNF:8
FNH:0
FNDA:0,evictStaleEntries
FNDA:0,(anonymous_1)
FNDA:0,subscribe
FNDA:0,(anonymous_3)
FNDA:0,emit
FNDA:0,getRecentEvents
FNDA:0,(anonymous_6)
FNDA:0,getStats
DA:35,3
DA:36,3
DA:37,3
DA:38,3
DA:39,3
DA:40,3
DA:43,0
DA:44,0
DA:45,0
DA:46,0
DA:47,0
DA:48,0
DA:49,0
DA:50,0
DA:51,0
DA:52,0
DA:63,0
DA:64,0
DA:65,0
DA:68,0
DA:74,0
DA:77,0
DA:78,0
DA:79,0
DA:80,0
DA:87,0
DA:89,0
DA:90,0
DA:93,0
DA:94,0
DA:96,0
DA:97,0
DA:98,0
DA:99,0
DA:102,0
DA:103,0
DA:105,0
DA:106,0
DA:108,0
DA:109,0
DA:111,0
DA:112,0
DA:113,0
DA:115,0
DA:120,0
DA:125,0
DA:126,0
DA:127,0
DA:128,0
DA:133,0
DA:134,0
DA:135,0
DA:137,0
DA:142,3
LF:54
LH:7
BRDA:44,0,0,0
BRDA:44,0,1,0
BRDA:49,1,0,0
BRDA:49,1,1,0
BRDA:51,2,0,0
BRDA:51,2,1,0
BRDA:64,3,0,0
BRDA:64,3,1,0
BRDA:79,4,0,0
BRDA:79,4,1,0
BRDA:93,5,0,0
BRDA:93,5,1,0
BRDA:98,6,0,0
BRDA:98,6,1,0
BRDA:103,7,0,0
BRDA:103,7,1,0
BRDA:103,8,0,0
BRDA:103,8,1,0
BRDA:111,9,0,0
BRDA:111,9,1,0
BRDA:111,10,0,0
BRDA:111,10,1,0
BRDA:126,11,0,0
BRDA:126,11,1,0
BRDA:127,12,0,0
BRDA:127,12,1,0
BRF:26
BRH:0
end_of_record
TN:
SF:api\lib\stripe.ts
FN:8,getStripe
FN:25,verifyWebhook
FNF:2
FNH:0
FNDA:0,getStripe
FNDA:0,verifyWebhook
DA:6,0
DA:9,0
DA:10,0
DA:11,0
DA:13,0
DA:15,0
DA:19,0
DA:26,0
DA:27,0
LF:9
LH:0
BRDA:9,0,0,0
BRDA:9,0,1,0
BRDA:10,1,0,0
BRDA:10,1,1,0
BRDA:10,2,0,0
BRDA:10,2,1,0
BRDA:20,3,0,0
BRDA:20,3,1,0
BRDA:21,4,0,0
BRDA:21,4,1,0
BRDA:22,5,0,0
BRDA:22,5,1,0
BRF:12
BRH:0
end_of_record
TN:
SF:api\lib\subscription.ts
FN:10,createTrialSubscription
FN:24,getOrCreateSubscription
FNF:2
FNH:0
FNDA:0,createTrialSubscription
FNDA:0,getOrCreateSubscription
DA:11,0
DA:12,0
DA:14,0
DA:25,0
DA:26,0
DA:29,0
DA:32,0
DA:33,0
DA:35,0
LF:9
LH:0
BRDA:29,0,0,0
BRDA:29,0,1,0
BRF:2
BRH:0
end_of_record
TN:
SF:api\lib\timeseries.ts
FN:24,recordRequestPoint
FN:29,(anonymous_1)
FN:40,(anonymous_2)
FN:48,pushPoint
FN:70,startMemoryTracking
FN:72,(anonymous_5)
FN:81,stopMemoryTracking
FN:89,getSeries
FN:93,getAllSeries
FN:102,getReqStats
FN:105,(anonymous_10)
FN:117,(anonymous_11)
FN:118,(anonymous_12)
FN:119,(anonymous_13)
FN:137,percentile
FNF:15
FNH:0
FNDA:0,recordRequestPoint
FNDA:0,(anonymous_1)
FNDA:0,(anonymous_2)
FNDA:0,pushPoint
FNDA:0,startMemoryTracking
FNDA:0,(anonymous_5)
FNDA:0,stopMemoryTracking
FNDA:0,getSeries
FNDA:0,getAllSeries
FNDA:0,getReqStats
FNDA:0,(anonymous_10)
FNDA:0,(anonymous_11)
FNDA:0,(anonymous_12)
FNDA:0,(anonymous_13)
FNDA:0,percentile
DA:17,0
DA:18,0
DA:21,0
DA:22,0
DA:25,0
DA:26,0
DA:29,0
DA:30,0
DA:31,0
DA:32,0
DA:34,0
DA:35,0
DA:36,0
DA:39,0
DA:40,0
DA:43,0
DA:44,0
DA:45,0
DA:49,0
DA:50,0
DA:51,0
DA:52,0
DA:55,0
DA:56,0
DA:57,0
DA:59,0
DA:60,0
DA:61,0
DA:64,0
DA:68,0
DA:71,0
DA:72,0
DA:73,0
DA:74,0
DA:75,0
DA:76,0
DA:77,0
DA:82,0
DA:83,0
DA:84,0
DA:90,0
DA:94,0
DA:95,0
DA:96,0
DA:98,0
DA:103,0
DA:104,0
DA:105,0
DA:107,0
DA:108,0
DA:109,0
DA:110,0
DA:111,0
DA:115,0
DA:116,0
DA:117,0
DA:118,0
DA:119,0
DA:121,0
DA:122,0
DA:123,0
DA:125,0
DA:138,0
DA:139,0
DA:140,0
DA:144,0
LF:66
LH:0
BRDA:30,0,0,0
BRDA:30,0,1,0
BRDA:36,1,0,0
BRDA:36,1,1,0
BRDA:44,2,0,0
BRDA:44,2,1,0
BRDA:50,3,0,0
BRDA:50,3,1,0
BRDA:56,4,0,0
BRDA:56,4,1,0
BRDA:56,5,0,0
BRDA:56,5,1,0
BRDA:60,6,0,0
BRDA:60,6,1,0
BRDA:64,7,0,0
BRDA:64,7,1,0
BRDA:71,8,0,0
BRDA:71,8,1,0
BRDA:82,9,0,0
BRDA:82,9,1,0
BRDA:115,10,0,0
BRDA:115,10,1,0
BRDA:128,11,0,0
BRDA:128,11,1,0
BRDA:129,12,0,0
BRDA:129,12,1,0
BRDA:133,13,0,0
BRDA:133,13,1,0
BRDA:133,14,0,0
BRDA:133,14,1,0
BRDA:133,15,0,0
BRDA:133,15,1,0
BRDA:138,16,0,0
BRDA:138,16,1,0
BRF:34
BRH:0
end_of_record
TN:
SF:api\lib\vite.ts
FN:9,serveStaticFiles
FN:14,(anonymous_1)
FNF:2
FNH:0
FNDA:0,serveStaticFiles
FNDA:0,(anonymous_1)
DA:10,0
DA:12,0
DA:14,0
DA:15,0
DA:16,0
DA:17,0
DA:19,0
DA:20,0
DA:21,0
LF:9
LH:0
BRDA:15,0,0,0
BRDA:15,0,1,0
BRDA:16,1,0,0
BRDA:16,1,1,0
BRF:4
BRH:0
end_of_record
TN:
SF:api\lib\ws.ts
FN:16,saveLocation
FN:29,attachWebSocket
FN:32,(anonymous_2)
FN:43,(anonymous_3)
FN:64,(anonymous_4)
FN:71,(anonymous_5)
FN:78,(anonymous_6)
FN:103,(anonymous_7)
FN:113,(anonymous_8)
FNF:9
FNH:0
FNDA:0,saveLocation
FNDA:0,attachWebSocket
FNDA:0,(anonymous_2)
FNDA:0,(anonymous_3)
FNDA:0,(anonymous_4)
FNDA:0,(anonymous_5)
FNDA:0,(anonymous_6)
FNDA:0,(anonymous_7)
FNDA:0,(anonymous_8)
DA:11,0
DA:13,0
DA:14,0
DA:17,0
DA:18,0
DA:25,0
DA:30,0
DA:32,0
DA:33,0
DA:34,0
DA:36,0
DA:37,0
DA:38,0
DA:39,0
DA:42,0
DA:44,0
DA:45,0
DA:46,0
DA:47,0
DA:50,0
DA:51,0
DA:52,0
DA:53,0
DA:54,0
DA:57,0
DA:58,0
DA:59,0
DA:60,0
DA:61,0
DA:64,0
DA:65,0
DA:66,0
DA:67,0
DA:69,0
DA:71,0
DA:72,0
DA:73,0
DA:74,0
DA:75,0
DA:76,0
DA:78,0
DA:79,0
DA:80,0
DA:83,0
DA:84,0
DA:85,0
DA:86,0
DA:87,0
DA:103,0
DA:104,0
DA:105,0
DA:106,0
DA:107,0
DA:108,0
DA:114,0
DA:115,0
DA:119,0
LF:57
LH:0
BRDA:25,0,0,0
BRDA:25,0,1,0
BRDA:33,1,0,0
BRDA:33,1,1,0
BRDA:33,2,0,0
BRDA:33,2,1,0
BRDA:36,3,0,0
BRDA:36,3,1,0
BRDA:44,4,0,0
BRDA:44,4,1,0
BRDA:51,5,0,0
BRDA:51,5,1,0
BRDA:51,6,0,0
BRDA:51,6,1,0
BRDA:58,7,0,0
BRDA:58,7,1,0
BRDA:58,8,0,0
BRDA:58,8,1,0
BRDA:66,9,0,0
BRDA:66,9,1,0
BRDA:74,10,0,0
BRDA:74,10,1,0
BRDA:74,11,0,0
BRDA:74,11,1,0
BRDA:74,11,2,0
BRDA:76,12,0,0
BRDA:76,12,1,0
BRDA:84,13,0,0
BRDA:84,13,1,0
BRDA:86,14,0,0
BRDA:86,14,1,0
BRDA:86,15,0,0
BRDA:86,15,1,0
BRDA:105,16,0,0
BRDA:105,16,1,0
BRDA:106,17,0,0
BRDA:106,17,1,0
BRF:37
BRH:0
end_of_record
TN:
SF:api\queries\connection.ts
FN:18,isRemoteHost
FN:42,getDb
FN:73,resetDb
FNF:3
FNH:0
FNDA:0,isRemoteHost
FNDA:0,getDb
FNDA:0,resetDb
DA:7,0
DA:11,0
DA:19,0
DA:20,0
DA:21,0
DA:22,0
DA:28,0
DA:43,0
DA:44,0
DA:46,0
DA:61,0
DA:67,0
DA:74,0
LF:13
LH:0
BRDA:23,0,0,0
BRDA:23,0,1,0
BRDA:23,0,2,0
BRDA:43,1,0,0
BRDA:43,1,1,0
BRDA:55,2,0,0
BRDA:55,2,1,0
BRF:7
BRH:0
end_of_record
TN:
SF:api\queries\tenants.ts
FN:6,findTenantById
FN:15,findTenantBySlug
FN:24,createTenant
FN:29,listTenants
FNF:4
FNH:0
FNDA:0,findTenantById
FNDA:0,findTenantBySlug
FNDA:0,createTenant
FNDA:0,listTenants
DA:7,0
DA:12,0
DA:16,0
DA:21,0
DA:25,0
DA:26,0
DA:31,0
LF:7
LH:0
BRDA:12,0,0,0
BRDA:12,0,1,0
BRDA:21,1,0,0
BRDA:21,1,1,0
BRF:4
BRH:0
end_of_record
TN:
SF:api\queries\users.ts
FN:6,findUserById
FN:16,findUserByEmail
FN:26,findUserByEmailAnyTenant
FN:35,createUser
FN:40,updateUserLastSignIn
FNF:5
FNH:0
FNDA:0,findUserById
FNDA:0,findUserByEmail
FNDA:0,findUserByEmailAnyTenant
FNDA:0,createUser
FNDA:0,updateUserLastSignIn
DA:7,0
DA:12,0
DA:17,0
DA:22,0
DA:27,0
DA:32,0
DA:36,0
DA:37,0
DA:41,0
LF:9
LH:0
BRDA:12,0,0,0
BRDA:12,0,1,0
BRDA:22,1,0,0
BRDA:22,1,1,0
BRDA:32,2,0,0
BRDA:32,2,1,0
BRF:6
BRH:0
end_of_record
TN:
SF:api\services\AnalyticsService.ts
FN:9,dateConditions
FN:17,getSalesByShop
FN:36,getTopProducts
FN:58,getAgentEfficiency
FN:79,(anonymous_4)
FN:88,getPnL
FN:99,calcPeriod
FN:159,(anonymous_7)
FN:200,(anonymous_8)
FN:238,getCOGS
FN:261,getShopRevenueTrend
FNF:11
FNH:0
FNDA:0,dateConditions
FNDA:0,getSalesByShop
FNDA:0,getTopProducts
FNDA:0,getAgentEfficiency
FNDA:0,(anonymous_4)
FNDA:0,getPnL
FNDA:0,calcPeriod
FNDA:0,(anonymous_7)
FNDA:0,(anonymous_8)
FNDA:0,getCOGS
FNDA:0,getShopRevenueTrend
DA:10,0
DA:11,0
DA:12,0
DA:13,0
DA:16,0
DA:18,0
DA:19,0
DA:20,0
DA:22,0
DA:24,0
DA:32,0
DA:33,0
DA:37,0
DA:38,0
DA:39,0
DA:41,0
DA:43,0
DA:54,0
DA:55,0
DA:59,0
DA:60,0
DA:61,0
DA:63,0
DA:65,0
DA:79,0
DA:84,0
DA:85,0
DA:89,0
DA:90,0
DA:91,0
DA:93,0
DA:94,0
DA:95,0
DA:96,0
DA:97,0
DA:100,0
DA:106,0
DA:114,0
DA:127,0
DA:139,0
DA:140,0
DA:141,0
DA:142,0
DA:143,0
DA:144,0
DA:145,0
DA:146,0
DA:147,0
DA:148,0
DA:150,0
DA:156,0
DA:157,0
DA:159,0
DA:160,0
DA:161,0
DA:164,0
DA:182,0
DA:195,0
DA:196,0
DA:197,0
DA:200,0
DA:201,0
DA:202,0
DA:203,0
DA:204,0
DA:205,0
DA:216,0
DA:239,0
DA:240,0
DA:241,0
DA:243,0
DA:245,0
DA:257,0
DA:258,0
DA:262,0
DA:263,0
DA:264,0
DA:266,0
DA:268,0
DA:282,0
DA:283,0
LF:81
LH:0
BRDA:11,0,0,0
BRDA:11,0,1,0
BRDA:12,1,0,0
BRDA:12,1,1,0
BRDA:18,2,0,0
BRDA:18,2,1,0
BRDA:18,3,0,0
BRDA:18,3,1,0
BRDA:20,4,0,0
BRDA:20,4,1,0
BRDA:37,5,0,0
BRDA:37,5,1,0
BRDA:37,6,0,0
BRDA:37,6,1,0
BRDA:39,7,0,0
BRDA:39,7,1,0
BRDA:58,8,0,0
BRDA:61,9,0,0
BRDA:61,9,1,0
BRDA:81,10,0,0
BRDA:81,10,1,0
BRDA:91,11,0,0
BRDA:139,12,0,0
BRDA:139,12,1,0
BRDA:140,13,0,0
BRDA:140,13,1,0
BRDA:141,14,0,0
BRDA:141,14,1,0
BRDA:142,15,0,0
BRDA:142,15,1,0
BRDA:143,16,0,0
BRDA:143,16,1,0
BRDA:144,17,0,0
BRDA:144,17,1,0
BRDA:146,18,0,0
BRDA:146,18,1,0
BRDA:148,19,0,0
BRDA:148,19,1,0
BRDA:157,20,0,0
BRDA:157,20,1,0
BRDA:160,21,0,0
BRDA:160,21,1,0
BRDA:160,22,0,0
BRDA:160,22,1,0
BRDA:204,23,0,0
BRDA:204,23,1,0
BRDA:220,24,0,0
BRDA:220,24,1,0
BRDA:221,25,0,0
BRDA:221,25,1,0
BRDA:222,26,0,0
BRDA:222,26,1,0
BRDA:223,27,0,0
BRDA:223,27,1,0
BRDA:226,28,0,0
BRDA:226,28,1,0
BRDA:227,29,0,0
BRDA:227,29,1,0
BRDA:228,30,0,0
BRDA:228,30,1,0
BRDA:234,31,0,0
BRDA:234,31,1,0
BRDA:239,32,0,0
BRDA:239,32,1,0
BRDA:239,33,0,0
BRDA:239,33,1,0
BRDA:241,34,0,0
BRDA:241,34,1,0
BRDA:261,35,0,0
BRDA:264,36,0,0
BRDA:264,36,1,0
BRF:71
BRH:0
end_of_record
TN:
SF:api\services\ArrivalService.ts
FN:37,list
FN:59,getById
FN:84,create
FN:106,(anonymous_3)
FN:117,update
FN:138,delete
FNF:6
FNH:0
FNDA:0,list
FNDA:0,getById
FNDA:0,create
FNDA:0,(anonymous_3)
FNDA:0,update
FNDA:0,delete
DA:36,0
DA:38,0
DA:39,0
DA:40,0
DA:42,0
DA:43,0
DA:44,0
DA:46,0
DA:56,0
DA:60,0
DA:69,0
DA:71,0
DA:81,0
DA:85,0
DA:86,0
DA:87,0
DA:89,0
DA:103,0
DA:105,0
DA:106,0
DA:114,0
DA:118,0
DA:120,0
DA:121,0
DA:123,0
DA:124,0
DA:125,0
DA:126,0
DA:127,0
DA:129,0
DA:133,0
DA:135,0
DA:139,0
DA:141,0
DA:143,0
DA:144,0
DA:145,0
LF:37
LH:0
BRDA:38,0,0,0
BRDA:38,0,1,0
BRDA:39,1,0,0
BRDA:39,1,1,0
BRDA:43,2,0,0
BRDA:43,2,1,0
BRDA:56,3,0,0
BRDA:56,3,1,0
BRDA:69,4,0,0
BRDA:69,4,1,0
BRDA:87,5,0,0
BRDA:87,5,1,0
BRDA:87,6,0,0
BRDA:87,6,1,0
BRDA:87,7,0,0
BRDA:87,7,1,0
BRDA:91,8,0,0
BRDA:91,8,1,0
BRDA:92,9,0,0
BRDA:92,9,1,0
BRDA:95,10,0,0
BRDA:95,10,1,0
BRDA:96,11,0,0
BRDA:96,11,1,0
BRDA:97,12,0,0
BRDA:97,12,1,0
BRDA:99,13,0,0
BRDA:99,13,1,0
BRDA:105,14,0,0
BRDA:105,14,1,0
BRDA:105,15,0,0
BRDA:105,15,1,0
BRDA:110,16,0,0
BRDA:110,16,1,0
BRDA:120,17,0,0
BRDA:120,17,1,0
BRDA:120,18,0,0
BRDA:120,18,1,0
BRDA:120,18,2,0
BRDA:123,19,0,0
BRDA:123,19,1,0
BRDA:124,20,0,0
BRDA:124,20,1,0
BRDA:125,21,0,0
BRDA:125,21,1,0
BRDA:126,22,0,0
BRDA:126,22,1,0
BRDA:141,23,0,0
BRDA:141,23,1,0
BRF:49
BRH:0
end_of_record
TN:
SF:api\services\BillingService.ts
FN:11,getStatus
FN:61,(anonymous_1)
FN:75,upgrade
FN:91,createCheckoutSession
FN:135,createPortalSession
FNF:5
FNH:0
FNDA:0,getStatus
FNDA:0,(anonymous_1)
FNDA:0,upgrade
FNDA:0,createCheckoutSession
FNDA:0,createPortalSession
DA:10,0
DA:12,0
DA:13,0
DA:14,0
DA:16,0
DA:18,0
DA:20,0
DA:21,0
DA:22,0
DA:23,0
DA:25,0
DA:26,0
DA:27,0
DA:29,0
DA:30,0
DA:37,0
DA:61,0
DA:71,0
DA:72,0
DA:76,0
DA:77,0
DA:79,0
DA:83,0
DA:84,0
DA:92,0
DA:93,0
DA:94,0
DA:95,0
DA:97,0
DA:98,0
DA:101,0
DA:102,0
DA:103,0
DA:106,0
DA:111,0
DA:112,0
DA:117,0
DA:132,0
DA:136,0
DA:137,0
DA:139,0
DA:140,0
DA:143,0
DA:148,0
LF:44
LH:0
BRDA:14,0,0,0
BRDA:14,0,1,0
BRDA:18,1,0,0
BRDA:18,1,1,0
BRDA:25,2,0,0
BRDA:25,2,1,0
BRDA:26,3,0,0
BRDA:26,3,1,0
BRDA:27,4,0,0
BRDA:27,4,1,0
BRDA:27,4,2,0
BRDA:46,5,0,0
BRDA:46,5,1,0
BRDA:48,6,0,0
BRDA:48,6,1,0
BRDA:57,7,0,0
BRDA:57,7,1,0
BRDA:58,8,0,0
BRDA:58,8,1,0
BRDA:59,9,0,0
BRDA:59,9,1,0
BRDA:77,10,0,0
BRDA:77,10,1,0
BRDA:97,11,0,0
BRDA:97,11,1,0
BRDA:102,12,0,0
BRDA:102,12,1,0
BRDA:107,13,0,0
BRDA:107,13,1,0
BRDA:124,14,0,0
BRDA:124,14,1,0
BRDA:124,15,0,0
BRDA:124,15,1,0
BRDA:139,16,0,0
BRDA:139,16,1,0
BRF:35
BRH:0
end_of_record
TN:
SF:api\services\CourierService.ts
FN:23,listDeliveries
FN:63,assignCourier
FN:102,markOutForDelivery
FN:119,markDelivered
FN:129,(anonymous_4)
FNF:5
FNH:0
FNDA:0,listDeliveries
FNDA:0,assignCourier
FNDA:0,markOutForDelivery
FNDA:0,markDelivered
FNDA:0,(anonymous_4)
DA:22,0
DA:24,0
DA:39,0
DA:40,0
DA:52,0
DA:64,0
DA:67,0
DA:68,0
DA:69,0
DA:72,0
DA:75,0
DA:77,0
DA:81,0
DA:84,0
DA:92,0
DA:99,0
DA:103,0
DA:110,0
DA:112,0
DA:116,0
DA:120,0
DA:127,0
DA:129,0
DA:130,0
DA:134,0
DA:135,0
DA:146,0
DA:150,0
DA:151,0
DA:159,0
DA:167,0
LF:31
LH:0
BRDA:39,0,0,0
BRDA:39,0,1,0
BRDA:67,1,0,0
BRDA:67,1,1,0
BRDA:68,2,0,0
BRDA:68,2,1,0
BRDA:68,3,0,0
BRDA:68,3,1,0
BRDA:75,4,0,0
BRDA:75,4,1,0
BRDA:89,5,0,0
BRDA:89,5,1,0
BRDA:110,6,0,0
BRDA:110,6,1,0
BRDA:127,7,0,0
BRDA:127,7,1,0
BRDA:134,8,0,0
BRDA:134,8,1,0
BRDA:134,9,0,0
BRDA:134,9,1,0
BRDA:150,10,0,0
BRDA:150,10,1,0
BRDA:156,11,0,0
BRDA:156,11,1,0
BRF:24
BRH:0
end_of_record
TN:
SF:api\services\DashboardService.ts
FN:9,getOverview
FN:54,getRevenueTrend
FN:74,getOrderTrend
FN:95,getStatusBreakdown
FN:109,getRecentActivity
FNF:5
FNH:0
FNDA:0,getOverview
FNDA:0,getRevenueTrend
FNDA:0,getOrderTrend
FNDA:0,getStatusBreakdown
FNDA:0,getRecentActivity
DA:8,0
DA:10,0
DA:11,0
DA:12,0
DA:14,0
DA:15,0
DA:17,0
DA:37,0
DA:38,0
DA:39,0
DA:41,0
DA:50,0
DA:51,0
DA:55,0
DA:56,0
DA:57,0
DA:59,0
DA:61,0
DA:70,0
DA:71,0
DA:75,0
DA:76,0
DA:77,0
DA:79,0
DA:81,0
DA:91,0
DA:92,0
DA:96,0
DA:97,0
DA:98,0
DA:100,0
DA:105,0
DA:106,0
DA:110,0
LF:34
LH:0
BRDA:12,0,0,0
BRDA:12,0,1,0
BRDA:37,1,0,0
BRDA:37,1,1,0
BRDA:38,2,0,0
BRDA:38,2,1,0
BRDA:39,3,0,0
BRDA:39,3,1,0
BRDA:42,4,0,0
BRDA:42,4,1,0
BRDA:43,5,0,0
BRDA:43,5,1,0
BRDA:44,6,0,0
BRDA:44,6,1,0
BRDA:45,7,0,0
BRDA:45,7,1,0
BRDA:46,8,0,0
BRDA:46,8,1,0
BRDA:54,9,0,0
BRDA:57,10,0,0
BRDA:57,10,1,0
BRDA:74,11,0,0
BRDA:77,12,0,0
BRDA:77,12,1,0
BRDA:98,13,0,0
BRDA:98,13,1,0
BRF:26
BRH:0
end_of_record
TN:
SF:api\services\ImportService.ts
FN:32,mapColumns
FN:34,(anonymous_1)
FN:42,parseRow
FN:51,parseCSV
FN:54,(anonymous_4)
FN:60,(anonymous_5)
FN:61,(anonymous_6)
FN:68,importProducts
FN:91,(anonymous_8)
FN:98,(anonymous_9)
FN:100,(anonymous_10)
FN:105,(anonymous_11)
FN:140,importShops
FN:169,getTemplate
FN:172,(anonymous_14)
FNF:15
FNH:0
FNDA:0,mapColumns
FNDA:0,(anonymous_1)
FNDA:0,parseRow
FNDA:0,parseCSV
FNDA:0,(anonymous_4)
FNDA:0,(anonymous_5)
FNDA:0,(anonymous_6)
FNDA:0,importProducts
FNDA:0,(anonymous_8)
FNDA:0,(anonymous_9)
FNDA:0,(anonymous_10)
FNDA:0,(anonymous_11)
FNDA:0,importShops
FNDA:0,getTemplate
FNDA:0,(anonymous_14)
DA:8,0
DA:17,0
DA:26,0
DA:27,0
DA:29,0
DA:30,0
DA:33,0
DA:34,0
DA:35,0
DA:36,0
DA:37,0
DA:39,0
DA:43,0
DA:44,0
DA:45,0
DA:47,0
DA:50,0
DA:52,0
DA:53,0
DA:54,0
DA:56,0
DA:60,0
DA:61,0
DA:62,0
DA:65,0
DA:69,0
DA:70,0
DA:71,0
DA:72,0
DA:74,0
DA:76,0
DA:77,0
DA:78,0
DA:79,0
DA:80,0
DA:81,0
DA:82,0
DA:91,0
DA:92,0
DA:94,0
DA:98,0
DA:100,0
DA:101,0
DA:102,0
DA:105,0
DA:107,0
DA:112,0
DA:113,0
DA:116,0
DA:117,0
DA:118,0
DA:124,0
DA:129,0
DA:131,0
DA:136,0
DA:137,0
DA:141,0
DA:142,0
DA:143,0
DA:145,0
DA:146,0
DA:147,0
DA:148,0
DA:149,0
DA:150,0
DA:151,0
DA:159,0
DA:161,0
DA:165,0
DA:166,0
DA:170,0
DA:171,0
DA:172,0
DA:173,0
LF:74
LH:0
BRDA:37,0,0,0
BRDA:37,0,1,0
BRDA:45,1,0,0
BRDA:45,1,1,0
BRDA:56,2,0,0
BRDA:56,2,1,0
BRDA:79,3,0,0
BRDA:79,3,1,0
BRDA:80,4,0,0
BRDA:80,4,1,0
BRDA:81,5,0,0
BRDA:81,5,1,0
BRDA:84,6,0,0
BRDA:84,6,1,0
BRDA:84,7,0,0
BRDA:84,7,1,0
BRDA:85,8,0,0
BRDA:85,8,1,0
BRDA:85,9,0,0
BRDA:85,9,1,0
BRDA:86,10,0,0
BRDA:86,10,1,0
BRDA:86,11,0,0
BRDA:86,11,1,0
BRDA:87,12,0,0
BRDA:87,12,1,0
BRDA:87,13,0,0
BRDA:87,13,1,0
BRDA:92,14,0,0
BRDA:92,14,1,0
BRDA:101,15,0,0
BRDA:101,15,1,0
BRDA:112,16,0,0
BRDA:112,16,1,0
BRDA:131,17,0,0
BRDA:131,17,1,0
BRDA:149,18,0,0
BRDA:149,18,1,0
BRDA:150,19,0,0
BRDA:150,19,1,0
BRDA:153,20,0,0
BRDA:153,20,1,0
BRDA:153,21,0,0
BRDA:153,21,1,0
BRDA:154,22,0,0
BRDA:154,22,1,0
BRDA:154,23,0,0
BRDA:154,23,1,0
BRDA:155,24,0,0
BRDA:155,24,1,0
BRDA:155,25,0,0
BRDA:155,25,1,0
BRDA:156,26,0,0
BRDA:156,26,1,0
BRDA:156,27,0,0
BRDA:156,27,1,0
BRDA:161,28,0,0
BRDA:161,28,1,0
BRDA:170,29,0,0
BRDA:170,29,1,0
BRDA:171,30,0,0
BRDA:171,30,1,0
BRF:62
BRH:0
end_of_record
TN:
SF:api\services\NotificationService.ts
FN:17,create
FN:62,createBulk
FN:78,list
FN:89,unreadCount
FN:106,markRead
FN:122,markAllRead
FN:138,getSmartAlerts
FN:178,(anonymous_7)
FN:208,(anonymous_8)
FNF:9
FNH:6
FNDA:0,create
FNDA:0,createBulk
FNDA:2,list
FNDA:2,unreadCount
FNDA:1,markRead
FNDA:1,markAllRead
FNDA:3,getSmartAlerts
FNDA:2,(anonymous_7)
FNDA:0,(anonymous_8)
DA:12,6
DA:28,0
DA:29,0
DA:39,0
DA:53,0
DA:55,0
DA:73,0
DA:74,0
DA:79,2
DA:90,2
DA:91,2
DA:92,2
DA:94,2
DA:101,2
DA:102,2
DA:103,2
DA:107,1
DA:110,1
DA:112,1
DA:119,1
DA:123,1
DA:126,1
DA:128,1
DA:135,1
DA:139,3
DA:140,3
DA:141,3
DA:143,3
DA:144,3
DA:146,3
DA:178,3
DA:179,2
DA:187,3
DA:188,3
DA:189,2
DA:197,3
DA:198,3
DA:199,0
DA:200,0
DA:208,3
DA:209,0
DA:217,3
DA:218,3
LF:43
LH:33
BRDA:34,0,0,0
BRDA:34,0,1,0
BRDA:35,1,0,0
BRDA:35,1,1,0
BRDA:92,2,0,0
BRDA:92,2,1,2
BRDA:101,3,0,2
BRDA:101,3,1,0
BRDA:141,4,0,0
BRDA:141,4,1,3
BRDA:182,5,0,2
BRDA:182,5,1,0
BRDA:182,6,0,2
BRDA:182,6,1,0
BRDA:187,7,0,3
BRDA:187,7,1,0
BRDA:188,8,0,2
BRDA:188,8,1,1
BRDA:198,9,0,0
BRDA:198,9,1,3
BRDA:198,10,0,3
BRDA:198,10,1,0
BRDA:203,11,0,0
BRDA:203,11,1,0
BRDA:204,12,0,0
BRDA:204,12,1,0
BRDA:204,13,0,0
BRDA:204,13,1,0
BRDA:212,14,0,0
BRDA:212,14,1,0
BRF:30
BRH:10
end_of_record
TN:
SF:api\services\ProductService.ts
FN:14,getDefaultWarehouseId
FN:58,list
FN:110,getById
FN:165,create
FN:196,update
FN:210,delete
FN:229,(anonymous_6)
FN:241,getCategories
FN:250,(anonymous_8)
FN:256,searchByBarcode
FN:277,uploadPhoto
FNF:11
FNH:0
FNDA:0,getDefaultWarehouseId
FNDA:0,list
FNDA:0,getById
FNDA:0,create
FNDA:0,update
FNDA:0,delete
FNDA:0,(anonymous_6)
FNDA:0,getCategories
FNDA:0,(anonymous_8)
FNDA:0,searchByBarcode
FNDA:0,uploadPhoto
DA:15,0
DA:19,0
DA:57,0
DA:59,0
DA:60,0
DA:61,0
DA:63,0
DA:64,0
DA:65,0
DA:67,0
DA:68,0
DA:69,0
DA:70,0
DA:72,0
DA:74,0
DA:78,0
DA:105,0
DA:106,0
DA:107,0
DA:111,0
DA:130,0
DA:132,0
DA:133,0
DA:137,0
DA:162,0
DA:166,0
DA:172,0
DA:173,0
DA:176,0
DA:181,0
DA:182,0
DA:192,0
DA:193,0
DA:197,0
DA:198,0
DA:199,0
DA:200,0
DA:202,0
DA:205,0
DA:206,0
DA:207,0
DA:211,0
DA:213,0
DA:215,0
DA:219,0
DA:220,0
DA:223,0
DA:225,0
DA:226,0
DA:229,0
DA:230,0
DA:232,0
DA:236,0
DA:237,0
DA:238,0
DA:242,0
DA:243,0
DA:244,0
DA:246,0
DA:250,0
DA:252,0
DA:253,0
DA:257,0
DA:258,0
DA:262,0
DA:274,0
DA:278,0
DA:281,0
LF:68
LH:0
BRDA:19,0,0,0
BRDA:19,0,1,0
BRDA:59,1,0,0
BRDA:59,1,1,0
BRDA:60,2,0,0
BRDA:60,2,1,0
BRDA:65,3,0,0
BRDA:65,3,1,0
BRDA:68,4,0,0
BRDA:68,4,1,0
BRDA:69,5,0,0
BRDA:69,5,1,0
BRDA:74,6,0,0
BRDA:74,6,1,0
BRDA:105,7,0,0
BRDA:105,7,1,0
BRDA:130,8,0,0
BRDA:130,8,1,0
BRDA:133,9,0,0
BRDA:133,9,1,0
BRDA:162,10,0,0
BRDA:162,10,1,0
BRDA:169,11,0,0
BRDA:169,11,1,0
BRDA:170,12,0,0
BRDA:170,12,1,0
BRDA:181,13,0,0
BRDA:181,13,1,0
BRDA:198,14,0,0
BRDA:198,14,1,0
BRDA:199,15,0,0
BRDA:199,15,1,0
BRDA:200,16,0,0
BRDA:200,16,1,0
BRDA:213,17,0,0
BRDA:213,17,1,0
BRDA:219,18,0,0
BRDA:219,18,1,0
BRDA:225,19,0,0
BRDA:225,19,1,0
BRDA:225,20,0,0
BRDA:225,20,1,0
BRDA:244,21,0,0
BRDA:244,21,1,0
BRDA:258,22,0,0
BRDA:258,22,1,0
BRDA:274,23,0,0
BRDA:274,23,1,0
BRF:48
BRH:0
end_of_record
TN:
SF:api\services\ReportsService.ts
FN:9,getDashboardSummary
FN:55,getVisitChart
FN:84,(anonymous_2)
FN:87,(anonymous_3)
FN:93,(anonymous_4)
FN:98,getPlanCompletion
FN:118,(anonymous_6)
FN:127,getAgentPerformance
FNF:8
FNH:0
FNDA:0,getDashboardSummary
FNDA:0,getVisitChart
FNDA:0,(anonymous_2)
FNDA:0,(anonymous_3)
FNDA:0,(anonymous_4)
FNDA:0,getPlanCompletion
FNDA:0,(anonymous_6)
FNDA:0,getAgentPerformance
DA:8,0
DA:10,0
DA:11,0
DA:12,0
DA:14,0
DA:15,0
DA:16,0
DA:18,0
DA:30,0
DA:38,0
DA:39,0
DA:41,0
DA:51,0
DA:52,0
DA:56,0
DA:57,0
DA:58,0
DA:60,0
DA:62,0
DA:83,0
DA:84,0
DA:85,0
DA:87,0
DA:88,0
DA:89,0
DA:90,0
DA:93,0
DA:94,0
DA:95,0
DA:99,0
DA:100,0
DA:101,0
DA:103,0
DA:105,0
DA:118,0
DA:123,0
DA:124,0
DA:128,0
DA:129,0
DA:130,0
DA:132,0
DA:134,0
DA:156,0
DA:157,0
LF:44
LH:0
BRDA:12,0,0,0
BRDA:12,0,1,0
BRDA:38,1,0,0
BRDA:38,1,1,0
BRDA:39,2,0,0
BRDA:39,2,1,0
BRDA:44,3,0,0
BRDA:44,3,1,0
BRDA:46,4,0,0
BRDA:46,4,1,0
BRDA:47,5,0,0
BRDA:47,5,1,0
BRDA:48,6,0,0
BRDA:48,6,1,0
BRDA:55,7,0,0
BRDA:58,8,0,0
BRDA:58,8,1,0
BRDA:88,9,0,0
BRDA:88,9,1,0
BRDA:101,10,0,0
BRDA:101,10,1,0
BRDA:120,11,0,0
BRDA:120,11,1,0
BRDA:127,12,0,0
BRDA:130,13,0,0
BRDA:130,13,1,0
BRF:26
BRH:0
end_of_record
TN:
SF:api\services\SettingsService.ts
FN:26,get
FN:60,update
FNF:2
FNH:0
FNDA:0,get
FNDA:0,update
DA:25,0
DA:27,0
DA:28,0
DA:29,0
DA:31,0
DA:55,0
DA:56,0
DA:57,0
DA:61,0
DA:62,0
DA:63,0
DA:64,0
DA:65,0
DA:66,0
DA:68,0
DA:72,0
DA:75,0
DA:76,0
DA:80,0
DA:83,0
DA:84,0
LF:21
LH:0
BRDA:29,0,0,0
BRDA:29,0,1,0
BRDA:55,1,0,0
BRDA:55,1,1,0
BRDA:63,2,0,0
BRDA:63,2,1,0
BRDA:63,3,0,0
BRDA:63,3,1,0
BRDA:64,4,0,0
BRDA:64,4,1,0
BRDA:65,5,0,0
BRDA:65,5,1,0
BRDA:75,6,0,0
BRDA:75,6,1,0
BRF:14
BRH:0
end_of_record
TN:
[...]
DA:66,0
DA:68,0
DA:94,0
DA:95,0
DA:96,0
DA:100,0
DA:120,0
DA:122,0
DA:151,0
DA:155,0
DA:164,0
DA:171,0
DA:172,0
DA:173,0
DA:177,0
DA:178,0
DA:179,0
DA:180,0
DA:181,0
DA:182,0
DA:183,0
DA:185,0
DA:188,0
DA:189,0
DA:190,0
DA:194,0
DA:196,0
DA:198,0
DA:201,0
DA:202,0
DA:205,0
DA:208,0
DA:209,0
DA:212,0
DA:215,0
DA:216,0
DA:217,0
DA:221,0
DA:222,0
DA:223,0
DA:225,0
DA:229,0
DA:231,0
DA:232,0
DA:236,0
DA:237,0
DA:238,0
DA:240,0
DA:241,0
DA:242,0
DA:246,0
DA:248,0
DA:249,0
DA:253,0
DA:266,0
DA:269,0
LF:68
LH:0
BRDA:53,0,0,0
BRDA:53,0,1,0
BRDA:54,1,0,0
BRDA:54,1,1,0
BRDA:59,2,0,0
BRDA:59,2,1,0
BRDA:62,3,0,0
BRDA:62,3,1,0
BRDA:63,4,0,0
BRDA:63,4,1,0
BRDA:64,5,0,0
BRDA:64,5,1,0
BRDA:65,6,0,0
BRDA:65,6,1,0
BRDA:94,7,0,0
BRDA:94,7,1,0
BRDA:120,8,0,0
BRDA:120,8,1,0
BRDA:125,9,0,0
BRDA:125,9,1,0
BRDA:151,10,0,0
BRDA:151,10,1,0
BRDA:158,11,0,0
BRDA:158,11,1,0
BRDA:159,12,0,0
BRDA:159,12,1,0
BRDA:160,13,0,0
BRDA:160,13,1,0
BRDA:161,14,0,0
BRDA:161,14,1,0
BRDA:162,15,0,0
BRDA:162,15,1,0
BRDA:178,16,0,0
BRDA:178,16,1,0
BRDA:179,17,0,0
BRDA:179,17,1,0
BRDA:180,18,0,0
BRDA:180,18,1,0
BRDA:181,19,0,0
BRDA:181,19,1,0
BRDA:182,20,0,0
BRDA:182,20,1,0
BRDA:183,21,0,0
BRDA:183,21,1,0
BRDA:196,22,0,0
BRDA:196,22,1,0
BRDA:201,23,0,0
BRDA:201,23,1,0
BRDA:208,24,0,0
BRDA:208,24,1,0
BRDA:223,25,0,0
BRDA:223,25,1,0
BRDA:238,26,0,0
BRDA:238,26,1,0
BRDA:241,27,0,0
BRDA:241,27,1,0
BRF:56
BRH:0
end_of_record
TN:
SF:api\services\TenantService.ts
FN:9,slugify
FN:35,create
FN:52,(anonymous_2)
FN:70,list
FN:92,(anonymous_4)
FN:93,(anonymous_5)
FN:95,(anonymous_6)
FN:103,getById
FN:144,update
FN:170,getStats
FN:190,(anonymous_10)
FN:191,(anonymous_11)
FNF:12
FNH:0
FNDA:0,slugify
FNDA:0,create
FNDA:0,(anonymous_2)
FNDA:0,list
FNDA:0,(anonymous_4)
FNDA:0,(anonymous_5)
FNDA:0,(anonymous_6)
FNDA:0,getById
FNDA:0,update
FNDA:0,getStats
FNDA:0,(anonymous_10)
FNDA:0,(anonymous_11)
DA:10,0
DA:34,0
DA:36,0
DA:37,0
DA:38,0
DA:39,0
DA:41,0
DA:43,0
DA:45,0
DA:46,0
DA:47,0
DA:48,0
DA:49,0
DA:52,0
DA:53,0
DA:58,0
DA:60,0
DA:64,0
DA:67,0
DA:71,0
DA:80,0
DA:84,0
DA:92,0
DA:93,0
DA:95,0
DA:104,0
DA:111,0
DA:113,0
DA:131,0
DA:145,0
DA:147,0
DA:148,0
DA:149,0
DA:151,0
DA:152,0
DA:154,0
DA:155,0
DA:156,0
DA:159,0
DA:161,0
DA:162,0
DA:167,0
DA:171,0
DA:172,0
DA:175,0
DA:177,0
DA:181,0
DA:185,0
DA:190,0
DA:191,0
LF:50
LH:0
BRDA:43,0,0,0
BRDA:43,0,1,0
BRDA:46,1,0,0
BRDA:46,1,1,0
BRDA:48,2,0,0
BRDA:48,2,1,0
BRDA:55,3,0,0
BRDA:55,3,1,0
BRDA:93,4,0,0
BRDA:93,4,1,0
BRDA:97,5,0,0
BRDA:97,5,1,0
BRDA:98,6,0,0
BRDA:98,6,1,0
BRDA:99,7,0,0
BRDA:99,7,1,0
BRDA:111,8,0,0
BRDA:111,8,1,0
BRDA:133,9,0,0
BRDA:133,9,1,0
BRDA:136,10,0,0
BRDA:136,10,1,0
BRDA:137,11,0,0
BRDA:137,11,1,0
BRDA:138,12,0,0
BRDA:138,12,1,0
BRDA:139,13,0,0
BRDA:139,13,1,0
BRDA:147,14,0,0
BRDA:147,14,1,0
BRDA:147,15,0,0
BRDA:147,15,1,0
BRDA:151,16,0,0
BRDA:151,16,1,0
BRDA:154,17,0,0
BRDA:154,17,1,0
BRDA:161,18,0,0
BRDA:161,18,1,0
BRDA:186,19,0,0
BRDA:186,19,1,0
BRDA:187,20,0,0
BRDA:187,20,1,0
BRDA:188,21,0,0
BRDA:188,21,1,0
BRDA:189,22,0,0
BRDA:189,22,1,0
BRF:46
BRH:0
end_of_record
TN:
SF:api\services\UserService.ts
FN:33,list
FN:72,getById
FN:100,create
FN:120,update
FN:131,delete
FN:139,changePassword
FN:166,resetPassword
FNF:7
FNH:0
FNDA:0,list
FNDA:0,getById
FNDA:0,create
FNDA:0,update
FNDA:0,delete
FNDA:0,changePassword
FNDA:0,resetPassword
DA:32,0
DA:34,0
DA:35,0
DA:36,0
DA:38,0
DA:39,0
DA:40,0
DA:42,0
DA:43,0
DA:44,0
DA:45,0
DA:47,0
DA:67,0
DA:68,0
DA:69,0
DA:73,0
DA:74,0
DA:75,0
DA:77,0
DA:93,0
DA:94,0
DA:95,0
DA:97,0
DA:101,0
DA:107,0
DA:108,0
DA:116,0
DA:117,0
DA:121,0
DA:122,0
DA:124,0
DA:127,0
DA:128,0
DA:132,0
DA:135,0
DA:136,0
DA:146,0
DA:154,0
DA:156,0
DA:157,0
DA:159,0
DA:160,0
DA:163,0
DA:167,0
DA:168,0
DA:171,0
LF:46
LH:0
BRDA:34,0,0,0
BRDA:34,0,1,0
BRDA:35,1,0,0
BRDA:35,1,1,0
BRDA:40,2,0,0
BRDA:40,2,1,0
BRDA:43,3,0,0
BRDA:43,3,1,0
BRDA:44,4,0,0
BRDA:44,4,1,0
BRDA:67,5,0,0
BRDA:67,5,1,0
BRDA:75,6,0,0
BRDA:75,6,1,0
BRDA:93,7,0,0
BRDA:93,7,1,0
BRDA:94,8,0,0
BRDA:94,8,1,0
BRDA:112,9,0,0
BRDA:112,9,1,0
BRDA:122,10,0,0
BRDA:122,10,1,0
BRDA:154,11,0,0
BRDA:154,11,1,0
BRDA:157,12,0,0
BRDA:157,12,1,0
BRF:26
BRH:0
end_of_record
TN:
SF:api\services\audit-log.ts
FN:23,recordAudit
FN:53,getAuditLog
FN:98,exportAuditCsv
FN:100,(anonymous_3)
FN:109,(anonymous_4)
FN:117,purgeOldAuditLogs
FNF:6
FNH:1
FNDA:17,recordAudit
FNDA:0,getAuditLog
FNDA:0,exportAuditCsv
FNDA:0,(anonymous_3)
FNDA:0,(anonymous_4)
FNDA:0,purgeOldAuditLogs
DA:24,17
DA:25,17
DA:37,0
DA:58,0
DA:59,0
DA:60,0
DA:62,0
DA:63,0
DA:65,0
DA:66,0
DA:68,0
DA:69,0
DA:71,0
DA:72,0
DA:75,0
DA:87,0
DA:99,0
DA:100,0
DA:109,0
DA:110,0
DA:122,0
DA:123,0
DA:128,0
DA:129,0
DA:130,0
DA:132,0
LF:26
LH:2
BRDA:27,0,0,17
BRDA:27,0,1,5
BRDA:28,1,0,17
BRDA:28,1,1,5
BRDA:30,2,0,17
BRDA:30,2,1,0
BRDA:31,3,0,17
BRDA:31,3,1,0
BRDA:32,4,0,17
BRDA:32,4,1,0
BRDA:33,5,0,17
BRDA:33,5,1,5
BRDA:58,6,0,0
BRDA:58,6,1,0
BRDA:59,7,0,0
BRDA:59,7,1,0
BRDA:62,8,0,0
BRDA:62,8,1,0
BRDA:65,9,0,0
BRDA:65,9,1,0
BRDA:68,10,0,0
BRDA:68,10,1,0
BRDA:71,11,0,0
BRDA:71,11,1,0
BRDA:89,12,0,0
BRDA:89,12,1,0
BRDA:102,13,0,0
BRDA:102,13,1,0
BRDA:103,14,0,0
BRDA:103,14,1,0
BRDA:105,15,0,0
BRDA:105,15,1,0
BRDA:106,16,0,0
BRDA:106,16,1,0
BRDA:107,17,0,0
BRDA:107,17,1,0
BRDA:108,18,0,0
BRDA:108,18,1,0
BRDA:120,19,0,0
BRDA:128,20,0,0
BRDA:128,20,1,0
BRDA:129,21,0,0
BRDA:129,21,1,0
BRF:43
BRH:9
end_of_record
TN:
SF:api\services\index.ts
FNF:0
FNH:0
LF:0
LH:0
BRF:0
BRH:0
end_of_record
TN:
SF:api\services\merchandiser.ts
FN:24,submitReport
FN:53,getReportsByShop
FN:85,getReportsByDateRange
FN:121,getReportById
FNF:4
FNH:0
FNDA:0,submitReport
FNDA:0,getReportsByShop
FNDA:0,getReportsByDateRange
FNDA:0,getReportById
DA:23,0
DA:25,0
DA:31,0
DA:32,0
DA:34,0
DA:44,0
DA:48,0
DA:50,0
DA:54,0
DA:55,0
DA:56,0
DA:58,0
DA:60,0
DA:82,0
DA:86,0
DA:87,0
DA:88,0
DA:90,0
DA:96,0
DA:118,0
DA:122,0
DA:141,0
LF:22
LH:0
BRDA:31,0,0,0
BRDA:31,0,1,0
BRDA:32,1,0,0
BRDA:32,1,1,0
BRDA:54,2,0,0
BRDA:54,2,1,0
BRDA:55,3,0,0
BRDA:55,3,1,0
BRDA:82,4,0,0
BRDA:82,4,1,0
BRDA:86,5,0,0
BRDA:86,5,1,0
BRDA:87,6,0,0
BRDA:87,6,1,0
BRDA:118,7,0,0
BRDA:118,7,1,0
BRDA:141,8,0,0
BRDA:141,8,1,0
BRF:18
BRH:0
end_of_record
TN:
SF:api\services\onec-invoice.ts
FN:22,createInvoice1C
FN:26,(anonymous_1)
FN:36,(anonymous_2)
FNF:3
FNH:3
FNDA:6,createInvoice1C
FNDA:6,(anonymous_1)
FNDA:6,(anonymous_2)
DA:23,6
DA:25,6
DA:26,6
DA:30,6
DA:37,6
DA:38,6
DA:49,6
DA:50,6
DA:52,6
DA:53,6
LF:10
LH:10
BRDA:37,0,0,6
BRDA:37,0,1,0
BRF:2
BRH:1
end_of_record
TN:
SF:api\services\onec-mapper.ts
FN:9,getInternalId
FN:21,getExternalId
FN:33,upsert
FN:50,getAll
FNF:4
FNH:4
FNDA:14,getInternalId
FNDA:2,getExternalId
FNDA:10,upsert
FNDA:1,getAll
DA:8,1
DA:10,14
DA:18,14
DA:22,2
DA:30,2
DA:34,10
DA:35,10
DA:36,1
DA:44,9
DA:51,1
LF:10
LH:10
BRDA:18,0,0,14
BRDA:18,0,1,12
BRDA:30,1,0,2
BRDA:30,1,1,1
BRDA:35,2,0,1
BRDA:35,2,1,9
BRF:6
BRH:6
end_of_record
TN:
SF:api\services\onec-status.ts
FN:9,updateSyncStatus
FN:43,getSyncStatus
FNF:2
FNH:0
FNDA:0,updateSyncStatus
FNDA:0,getSyncStatus
DA:17,0
DA:18,0
DA:27,0
DA:36,0
DA:37,0
DA:39,0
DA:44,0
DA:45,0
LF:8
LH:0
BRDA:29,0,0,0
BRDA:29,0,1,0
BRDA:30,1,0,0
BRDA:30,1,1,0
BRDA:31,2,0,0
BRDA:31,2,1,0
BRDA:36,3,0,0
BRDA:36,3,1,0
BRF:8
BRH:0
end_of_record
TN:
SF:api\services\onec-sync.ts
FN:13,syncProducts
FN:28,(anonymous_1)
FN:117,syncOrderTo1C
FNF:3
FNH:3
FNDA:5,syncProducts
FNDA:7,(anonymous_1)
FNDA:4,syncOrderTo1C
DA:14,5
DA:15,5
DA:16,5
DA:17,5
DA:18,5
DA:20,5
DA:21,5
DA:22,5
DA:28,7
DA:30,5
DA:31,7
DA:32,7
DA:33,7
DA:35,7
DA:36,1
DA:46,6
DA:58,6
DA:63,6
DA:64,4
DA:72,6
DA:74,7
DA:76,0
DA:77,0
DA:85,5
DA:86,5
DA:87,5
DA:88,0
DA:89,0
DA:92,5
DA:93,0
DA:99,0
DA:102,5
DA:105,5
DA:106,5
DA:108,0
DA:109,0
DA:110,0
DA:111,0
DA:114,5
DA:118,4
DA:119,4
DA:120,4
DA:122,4
DA:123,4
DA:125,4
DA:126,4
DA:128,2
DA:137,2
DA:139,2
DA:140,1
DA:143,1
DA:144,1
DA:145,1
DA:146,1
DA:147,1
DA:157,1
DA:165,1
DA:166,1
DA:168,1
DA:172,1
DA:173,1
DA:175,3
DA:176,3
DA:177,3
DA:178,3
DA:183,2
LF:66
LH:56
BRDA:35,0,0,1
BRDA:35,0,1,6
BRDA:63,1,0,4
BRDA:63,1,1,2
BRDA:88,2,0,0
BRDA:88,2,1,0
BRDA:92,3,0,0
BRDA:92,3,1,5
BRDA:126,4,0,2
BRDA:126,4,1,2
BRDA:139,5,0,1
BRDA:139,5,1,1
BRDA:146,6,0,1
BRDA:146,6,1,0
BRDA:151,7,0,1
BRDA:151,7,1,1
BRDA:152,8,0,1
BRDA:152,8,1,1
BRF:18
BRH:14
end_of_record
TN:
SF:api\services\onec-transform.ts
FN:1,from1CDate
FN:6,to1CDate
FN:10,normalizeMoney
FN:23,mapProduct1C
FN:48,mapOrder1C
FN:53,(anonymous_5)
FN:66,sanitizeText
FN:81,mapUnit
FNF:8
FNH:8
FNDA:2,from1CDate
FNDA:3,to1CDate
FNDA:18,normalizeMoney
FNDA:10,mapProduct1C
FNDA:2,mapOrder1C
FNDA:3,(anonymous_5)
FNDA:3,sanitizeText
FNDA:16,mapUnit
DA:2,2
DA:3,2
DA:7,3
DA:11,18
DA:24,10
DA:49,2
DA:56,3
DA:57,3
DA:67,3
DA:72,3
DA:82,16
DA:83,16
LF:12
LH:12
BRDA:2,0,0,1
BRDA:2,0,1,1
BRDA:29,1,0,10
BRDA:29,1,1,1
BRDA:30,2,0,10
BRDA:30,2,1,9
BRDA:56,3,0,3
BRDA:56,3,1,3
BRDA:83,4,0,16
BRDA:83,4,1,1
BRF:10
BRH:10
end_of_record
TN:
SF:api\services\onec-vat.ts
FN:12,getVatRate
FN:24,calculateVat
FN:45,calculateOrderVat
FNF:3
FNH:3
FNDA:19,getVatRate
FNDA:12,calculateVat
FNDA:7,calculateOrderVat
DA:13,19
DA:14,16
DA:16,15
DA:17,15
DA:18,10
DA:19,10
DA:21,10
DA:25,12
DA:26,2
DA:34,10
DA:35,10
DA:37,10
DA:49,7
DA:50,7
DA:51,7
DA:53,7
DA:54,8
DA:55,8
DA:56,8
DA:57,8
DA:58,8
DA:61,7
LF:22
LH:22
BRDA:12,0,0,19
BRDA:13,1,0,3
BRDA:13,1,1,16
BRDA:14,2,0,1
BRDA:14,2,1,15
BRDA:17,3,0,5
BRDA:17,3,1,10
BRDA:17,4,0,15
BRDA:17,4,1,11
BRDA:17,4,2,10
BRDA:18,5,0,0
BRDA:18,5,1,10
BRDA:18,6,0,10
BRDA:18,6,1,10
BRDA:19,7,0,0
BRDA:19,7,1,10
BRDA:19,8,0,10
BRDA:19,8,1,10
BRDA:25,9,0,2
BRDA:25,9,1,10
BRDA:47,10,0,7
BRDA:54,11,0,8
BRDA:54,11,1,0
BRF:23
BRH:20
end_of_record
TN:
SF:api\services\order.ts
FN:9,list
FN:45,getById
FN:68,myOrders
FN:77,create
FN:99,(anonymous_4)
FN:101,(anonymous_5)
FN:105,(anonymous_6)
FN:141,(anonymous_7)
FN:169,(anonymous_8)
FN:182,(anonymous_9)
FN:185,(anonymous_10)
FN:188,(anonymous_11)
FN:236,cancel
FN:237,(anonymous_13)
FN:254,(anonymous_14)
FN:257,(anonymous_15)
FN:260,(anonymous_16)
FN:273,updateStatus
FN:274,(anonymous_18)
FN:302,(anonymous_19)
FN:305,(anonymous_20)
FN:308,(anonymous_21)
FN:317,(anonymous_22)
FN:320,(anonymous_23)
FN:323,(anonymous_24)
FN:337,delete
FN:338,(anonymous_26)
FN:355,(anonymous_27)
FN:358,(anonymous_28)
FN:361,(anonymous_29)
FNF:30
FNH:29
FNDA:11,list
FNDA:6,getById
FNDA:0,myOrders
FNDA:64,create
FNDA:64,(anonymous_4)
FNDA:72,(anonymous_5)
FNDA:72,(anonymous_6)
FNDA:71,(anonymous_7)
FNDA:66,(anonymous_8)
FNDA:66,(anonymous_9)
FNDA:66,(anonymous_10)
FNDA:66,(anonymous_11)
FNDA:19,cancel
FNDA:19,(anonymous_13)
FNDA:12,(anonymous_14)
FNDA:12,(anonymous_15)
FNDA:12,(anonymous_16)
FNDA:28,updateStatus
FNDA:28,(anonymous_18)
FNDA:13,(anonymous_19)
FNDA:13,(anonymous_20)
FNDA:13,(anonymous_21)
FNDA:4,(anonymous_22)
FNDA:4,(anonymous_23)
FNDA:4,(anonymous_24)
FNDA:8,delete
FNDA:8,(anonymous_26)
FNDA:4,(anonymous_27)
FNDA:4,(anonymous_28)
FNDA:4,(anonymous_29)
DA:8,5
DA:10,11
DA:11,11
DA:12,11
DA:13,11
DA:15,11
DA:16,11
DA:17,11
DA:19,11
DA:37,11
DA:42,11
DA:46,6
DA:54,6
DA:56,3
DA:65,3
DA:69,0
DA:70,0
DA:74,0
DA:78,64
DA:81,64
DA:82,0
DA:88,0
DA:89,0
DA:93,64
DA:94,64
DA:98,64
DA:99,64
DA:101,72
DA:102,64
DA:105,72
DA:109,64
DA:110,137
DA:113,64
DA:114,72
DA:115,1
DA:120,63
DA:121,63
DA:122,71
DA:123,71
DA:125,63
DA:126,0
DA:128,63
DA:131,63
DA:135,63
DA:136,63
DA:139,63
DA:141,71
DA:147,63
DA:148,137
DA:150,63
DA:151,71
DA:152,71
DA:153,71
DA:154,0
DA:156,71
DA:157,5
DA:161,58
DA:167,58
DA:169,58
DA:170,66
DA:171,66
DA:178,58
DA:179,58
DA:183,66
DA:186,66
DA:188,66
DA:194,58
DA:196,58
DA:197,58
DA:200,6
DA:201,6
DA:202,0
DA:206,0
DA:207,0
DA:210,6
DA:213,58
DA:216,58
DA:217,58
DA:218,58
DA:221,58
DA:222,0
DA:233,58
DA:237,19
DA:238,19
DA:239,19
DA:240,14
DA:243,10
DA:247,10
DA:249,19
DA:250,10
DA:251,10
DA:255,12
DA:258,12
DA:260,12
DA:265,10
DA:268,10
DA:270,10
DA:274,28
DA:275,28
DA:276,28
DA:278,27
DA:279,4
DA:280,3
DA:284,24
DA:285,24
DA:286,3
DA:290,21
DA:294,21
DA:296,28
DA:297,21
DA:298,21
DA:299,11
DA:303,13
DA:306,13
DA:308,13
DA:313,21
DA:314,4
DA:318,4
DA:321,4
DA:323,4
DA:329,21
DA:332,24
DA:334,24
DA:338,8
DA:339,8
DA:340,8
DA:343,5
DA:347,5
DA:349,8
DA:350,5
DA:351,4
DA:352,4
DA:356,4
DA:359,4
DA:361,4
DA:367,5
DA:368,5
DA:371,5
DA:373,5
LF:139
LH:127
BRDA:11,0,0,11
BRDA:11,0,1,10
BRDA:12,1,0,11
BRDA:12,1,1,10
BRDA:16,2,0,3
BRDA:16,2,1,8
BRDA:17,3,0,0
BRDA:17,3,1,11
BRDA:42,4,0,11
BRDA:42,4,1,0
BRDA:54,5,0,3
BRDA:54,5,1,3
BRDA:65,6,0,3
BRDA:65,6,1,0
BRDA:74,7,0,0
BRDA:74,7,1,0
BRDA:78,8,0,64
BRDA:78,8,1,16
BRDA:81,9,0,0
BRDA:81,9,1,64
BRDA:88,10,0,0
BRDA:88,10,1,0
BRDA:114,11,0,1
BRDA:114,11,1,71
BRDA:125,12,0,0
BRDA:125,12,1,63
BRDA:135,13,0,0
BRDA:135,13,1,63
BRDA:152,14,0,71
BRDA:152,14,1,0
BRDA:153,15,0,0
BRDA:153,15,1,71
BRDA:156,16,0,5
BRDA:156,16,1,66
BRDA:165,17,0,58
BRDA:165,17,1,58
BRDA:178,18,0,58
BRDA:178,18,1,0
BRDA:200,19,0,0
BRDA:200,19,1,6
BRDA:200,20,0,6
BRDA:200,20,1,6
BRDA:200,20,2,6
BRDA:201,21,0,0
BRDA:201,21,1,6
BRDA:201,22,0,6
BRDA:201,22,1,0
BRDA:206,23,0,0
BRDA:206,23,1,0
BRDA:227,24,0,0
BRDA:227,24,1,0
BRDA:239,25,0,5
BRDA:239,25,1,14
BRDA:240,26,0,4
BRDA:240,26,1,10
BRDA:250,27,0,10
BRDA:250,27,1,0
BRDA:262,28,0,10
BRDA:262,28,1,0
BRDA:276,29,0,1
BRDA:276,29,1,27
BRDA:278,30,0,4
BRDA:278,30,1,23
BRDA:279,31,0,3
BRDA:279,31,1,1
BRDA:279,32,0,4
BRDA:279,32,1,2
BRDA:285,33,0,3
BRDA:285,33,1,21
BRDA:297,34,0,21
BRDA:297,34,1,0
BRDA:298,35,0,11
BRDA:298,35,1,10
BRDA:310,36,0,11
BRDA:310,36,1,0
BRDA:313,37,0,4
BRDA:313,37,1,17
BRDA:325,38,0,4
BRDA:325,38,1,0
BRDA:340,39,0,3
BRDA:340,39,1,5
BRDA:350,40,0,4
BRDA:350,40,1,1
BRDA:350,41,0,5
BRDA:350,41,1,3
BRDA:351,42,0,4
BRDA:351,42,1,0
BRDA:363,43,0,4
BRDA:363,43,1,0
BRF:89
BRH:62
end_of_record
TN:
SF:api\services\password-reset.ts
FN:14,sha256
FN:21,requestPasswordReset
FN:85,confirmPasswordReset
FN:108,(anonymous_3)
FNF:4
FNH:0
FNDA:0,sha256
FNDA:0,requestPasswordReset
FNDA:0,confirmPasswordReset
FNDA:0,(anonymous_3)
DA:10,1
DA:11,1
DA:12,1
DA:15,0
DA:23,0
DA:28,0
DA:30,0
DA:37,0
DA:38,0
DA:40,0
DA:44,0
DA:45,0
DA:46,0
DA:48,0
DA:55,0
DA:56,0
DA:57,0
DA:74,0
DA:79,0
DA:90,0
DA:92,0
DA:100,0
DA:101,0
DA:105,0
DA:108,0
DA:109,0
DA:113,0
DA:118,0
DA:119,0
LF:29
LH:3
BRDA:28,0,0,0
BRDA:28,0,1,0
BRDA:37,1,0,0
BRDA:37,1,1,0
BRDA:63,2,0,0
BRDA:63,2,1,0
BRDA:100,3,0,0
BRDA:100,3,1,0
BRF:8
BRH:0
end_of_record
TN:
SF:api\services\payment.ts
FN:16,addPayment
FN:25,(anonymous_1)
FN:62,getPaymentHistory
FNF:3
FNH:3
FNDA:37,addPayment
FNDA:37,(anonymous_1)
FNDA:4,getPaymentHistory
DA:15,2
DA:17,37
DA:20,37
DA:21,37
DA:22,0
DA:25,37
DA:27,37
DA:31,37
DA:32,0
DA:36,37
DA:40,37
DA:49,37
DA:50,35
DA:51,35
DA:54,2
DA:59,37
DA:63,4
LF:17
LH:15
BRDA:17,0,0,37
BRDA:21,1,0,0
BRDA:21,1,1,37
BRDA:21,2,0,37
BRDA:21,2,1,37
BRDA:31,3,0,0
BRDA:31,3,1,37
BRDA:36,4,0,1
BRDA:36,4,1,36
BRDA:36,5,0,37
BRDA:36,5,1,35
BRDA:45,6,0,1
BRDA:45,6,1,36
BRDA:49,7,0,35
BRDA:49,7,1,2
BRF:15
BRH:13
end_of_record
TN:
SF:api\services\stock.ts
FN:14,getDefaultWarehouseId
FN:24,reserve
FN:29,(anonymous_2)
FN:30,(anonymous_3)
FN:53,(anonymous_4)
FN:56,(anonymous_5)
FN:59,(anonymous_6)
FN:68,release
FN:73,(anonymous_8)
FN:74,(anonymous_9)
FN:97,(anonymous_10)
FN:100,(anonymous_11)
FN:103,(anonymous_12)
FN:112,deduct
FN:117,(anonymous_14)
FN:118,(anonymous_15)
FN:141,(anonymous_16)
FN:144,(anonymous_17)
FN:147,(anonymous_18)
FN:149,(anonymous_19)
FN:152,(anonymous_20)
FN:161,adjust
FN:181,(anonymous_22)
FNF:23
FNH:23
FNDA:27,getDefaultWarehouseId
FNDA:6,reserve
FNDA:6,(anonymous_2)
FNDA:7,(anonymous_3)
FNDA:5,(anonymous_4)
FNDA:5,(anonymous_5)
FNDA:5,(anonymous_6)
FNDA:2,release
FNDA:2,(anonymous_8)
FNDA:2,(anonymous_9)
FNDA:2,(anonymous_10)
FNDA:2,(anonymous_11)
FNDA:2,(anonymous_12)
FNDA:2,deduct
FNDA:2,(anonymous_14)
FNDA:3,(anonymous_15)
FNDA:3,(anonymous_16)
FNDA:3,(anonymous_17)
FNDA:3,(anonymous_18)
FNDA:3,(anonymous_19)
FNDA:3,(anonymous_20)
FNDA:17,adjust
FNDA:17,(anonymous_22)
DA:15,27
DA:19,27
DA:20,27
DA:23,4
DA:25,6
DA:27,6
DA:29,6
DA:30,7
DA:31,6
DA:39,6
DA:40,12
DA:42,6
DA:43,7
DA:44,7
DA:45,7
DA:46,2
DA:50,4
DA:54,5
DA:57,5
DA:59,5
DA:65,4
DA:69,2
DA:71,2
DA:73,2
DA:74,2
DA:75,2
DA:83,2
DA:84,4
DA:86,2
DA:87,2
DA:88,2
DA:89,2
DA:90,0
DA:94,2
DA:98,2
DA:101,2
DA:103,2
DA:109,2
DA:113,2
DA:115,2
DA:117,2
DA:118,3
DA:119,2
DA:127,2
DA:128,4
DA:130,2
DA:131,3
DA:132,3
DA:133,3
DA:134,0
DA:138,2
DA:142,3
DA:145,3
DA:148,3
DA:150,3
DA:152,3
DA:158,2
DA:171,17
DA:172,0
DA:175,17
DA:181,17
DA:182,17
DA:187,17
DA:193,17
DA:195,17
DA:196,9
DA:200,8
DA:201,5
DA:202,0
DA:204,5
DA:209,5
DA:211,5
DA:214,5
DA:215,5
DA:216,5
DA:218,3
DA:219,3
DA:225,17
DA:234,17
DA:235,5
DA:236,1
DA:244,17
DA:255,17
LF:83
LH:79
BRDA:19,0,0,0
BRDA:19,0,1,27
BRDA:25,1,0,0
BRDA:25,1,1,6
BRDA:27,2,0,6
BRDA:27,2,1,6
BRDA:44,3,0,7
BRDA:44,3,1,1
BRDA:45,4,0,2
BRDA:45,4,1,5
BRDA:69,5,0,0
BRDA:69,5,1,2
BRDA:71,6,0,2
BRDA:71,6,1,2
BRDA:88,7,0,2
BRDA:88,7,1,0
BRDA:89,8,0,0
BRDA:89,8,1,2
BRDA:113,9,0,0
BRDA:113,9,1,2
BRDA:115,10,0,2
BRDA:115,10,1,2
BRDA:132,11,0,3
BRDA:132,11,1,0
BRDA:133,12,0,0
BRDA:133,12,1,3
BRDA:171,13,0,0
BRDA:171,13,1,17
BRDA:171,14,0,17
BRDA:171,14,1,17
BRDA:175,15,0,17
BRDA:175,15,1,17
BRDA:193,16,0,17
BRDA:193,16,1,0
BRDA:195,17,0,9
BRDA:195,17,1,8
BRDA:200,18,0,5
BRDA:200,18,1,3
BRDA:201,19,0,0
BRDA:201,19,1,5
BRDA:234,20,0,5
BRDA:234,20,1,12
BRDA:234,21,0,17
BRDA:234,21,1,5
BRDA:234,21,2,5
BRDA:234,21,3,5
BRDA:235,22,0,1
BRDA:235,22,1,4
BRF:48
BRH:37
end_of_record
TN:
SF:api\webhooks\onec.ts
FN:13,(anonymous_0)
FN:40,(anonymous_1)
FN:63,(anonymous_2)
FN:102,(anonymous_3)
FN:125,(anonymous_4)
FNF:5
FNH:5
FNDA:8,(anonymous_0)
FNDA:2,(anonymous_1)
FNDA:1,(anonymous_2)
FNDA:3,(anonymous_3)
FNDA:1,(anonymous_4)
DA:10,1
DA:13,1
DA:14,8
DA:15,8
DA:16,2
DA:20,6
DA:21,6
DA:22,6
DA:23,1
DA:25,5
DA:26,5
DA:28,5
DA:29,0
DA:32,5
DA:34,0
DA:37,5
DA:40,1
DA:41,2
DA:42,2
DA:43,0
DA:45,0
DA:46,0
DA:47,0
DA:51,2
DA:52,2
DA:53,0
DA:56,2
DA:58,2
DA:59,2
DA:60,1
DA:63,1
DA:65,1
DA:70,1
DA:71,0
DA:74,1
DA:75,1
DA:76,0
DA:80,1
DA:88,1
DA:89,1
DA:94,1
DA:95,1
DA:97,0
DA:98,0
DA:102,1
DA:103,3
DA:104,3
DA:105,0
DA:107,0
DA:108,0
DA:109,1
DA:113,2
DA:114,2
DA:115,0
DA:118,2
DA:120,2
DA:121,2
DA:122,1
DA:125,1
DA:126,1
DA:130,1
DA:131,1
DA:134,1
DA:139,1
DA:140,0
DA:141,0
DA:144,1
DA:159,1
DA:160,1
DA:162,0
DA:163,0
LF:71
LH:52
BRDA:15,0,0,2
BRDA:15,0,1,6
BRDA:15,1,0,8
BRDA:15,1,1,2
BRDA:22,2,0,1
BRDA:22,2,1,5
BRDA:28,3,0,0
BRDA:28,3,1,5
BRDA:42,4,0,2
BRDA:42,4,1,0
BRDA:46,5,0,0
BRDA:46,5,1,0
BRDA:46,6,0,0
BRDA:46,6,1,2
BRDA:46,6,2,2
BRDA:52,7,0,0
BRDA:52,7,1,2
BRDA:52,8,0,2
BRDA:52,8,1,2
BRDA:59,9,0,1
BRDA:59,9,1,1
BRDA:70,10,0,0
BRDA:70,10,1,1
BRDA:75,11,0,0
BRDA:75,11,1,1
BRDA:85,12,0,1
BRDA:85,12,1,0
BRDA:104,13,0,3
BRDA:104,13,1,0
BRDA:108,14,0,1
BRDA:108,14,1,-1
BRDA:108,15,0,0
BRDA:108,15,1,3
BRDA:108,15,2,2
BRDA:114,16,0,0
BRDA:114,16,1,2
BRDA:114,17,0,2
BRDA:114,17,1,2
BRDA:121,18,0,1
BRDA:121,18,1,1
BRDA:130,19,0,1
BRDA:130,19,1,0
BRDA:139,20,0,0
BRDA:139,20,1,1
BRDA:149,21,0,1
BRDA:149,21,1,0
BRF:46
BRH:30
end_of_record
TN:
SF:api\webhooks\stripe.ts
FN:13,registerStripeWebhook
FN:14,(anonymous_1)
FN:44,(anonymous_2)
FN:92,(anonymous_3)
FNF:4
FNH:0
FNDA:0,registerStripeWebhook
FNDA:0,(anonymous_1)
FNDA:0,(anonymous_2)
FNDA:0,(anonymous_3)
DA:14,0
DA:15,0
DA:16,0
DA:19,0
DA:20,0
DA:22,0
DA:26,0
DA:27,0
DA:29,0
DA:30,0
DA:31,0
DA:34,0
DA:37,0
DA:41,0
DA:43,0
DA:44,0
DA:45,0
DA:47,0
DA:48,0
DA:49,0
DA:50,0
DA:55,0
DA:58,0
DA:59,0
DA:60,0
DA:61,0
DA:62,0
DA:63,0
DA:69,0
DA:72,0
DA:73,0
DA:74,0
DA:75,0
DA:77,0
DA:80,0
DA:81,0
DA:82,0
DA:83,0
DA:85,0
DA:87,0
DA:88,0
DA:93,0
DA:96,0
DA:100,0
DA:107,0
DA:108,0
DA:111,0
LF:47
LH:0
BRDA:16,0,0,0
BRDA:16,0,1,0
BRDA:29,1,0,0
BRDA:29,1,1,0
BRDA:41,2,0,0
BRDA:41,2,1,0
BRDA:45,3,0,0
BRDA:45,3,1,0
BRDA:45,3,2,0
BRDA:45,3,3,0
BRDA:49,4,0,0
BRDA:49,4,1,0
BRDA:51,5,0,0
BRDA:51,5,1,0
BRDA:51,6,0,0
BRDA:51,6,1,0
BRDA:52,7,0,0
BRDA:52,7,1,0
BRDA:52,8,0,0
BRDA:52,8,1,0
BRDA:60,9,0,0
BRDA:60,9,1,0
BRDA:62,10,0,0
BRDA:62,10,1,0
BRDA:65,11,0,0
BRDA:65,11,1,0
BRDA:74,12,0,0
BRDA:74,12,1,0
BRDA:82,13,0,0
BRDA:82,13,1,0
BRDA:87,14,0,0
BRDA:87,14,1,0
BRDA:93,15,0,0
BRDA:93,15,1,0
BRDA:107,16,0,0
BRDA:107,16,1,0
BRF:36
BRH:0
end_of_record
